2025-11-01 01:55:49.644 [com.telcobright.scheduler.examples.MultiAppSchedulerWithUI.main()] INFO  c.t.s.e.MultiAppSchedulerWithUI - === Multi-App Scheduler with Web UI ===
2025-11-01 01:55:49.690 [MLog-Init-Reporter] INFO  com.mchange.v2.log.MLog - MLog clients using slf4j logging.
2025-11-01 01:55:49.780 [com.telcobright.scheduler.examples.MultiAppSchedulerWithUI.main()] INFO  com.mchange.v2.c3p0.C3P0Registry - Initializing c3p0-0.9.5.4 [built 23-March-2019 23:00:48 -0700; debug? true; trace: 10]
2025-11-01 01:55:49.968 [com.telcobright.scheduler.examples.MultiAppSchedulerWithUI.main()] INFO  c.t.scheduler.QuartzTableManager - Checking Quartz tables...
2025-11-01 01:55:49.990 [com.telcobright.scheduler.examples.MultiAppSchedulerWithUI.main()] INFO  c.t.scheduler.QuartzTableManager - All Quartz tables exist
2025-11-01 01:55:49.995 [com.telcobright.scheduler.examples.MultiAppSchedulerWithUI.main()] INFO  c.t.s.MultiAppSchedulerManager - Quartz tables initialized
2025-11-01 01:55:50.003 [com.telcobright.scheduler.examples.MultiAppSchedulerWithUI.main()] INFO  c.t.s.MultiAppSchedulerManager - MultiAppSchedulerManager initialized with shared Quartz scheduler
2025-11-01 01:55:50.256 [com.telcobright.scheduler.examples.MultiAppSchedulerWithUI.main()] INFO  c.t.scheduler.AppJobHistoryTracker - Job history table 'sms_job_execution_history' ensured to exist for app 'sms'
2025-11-01 01:55:50.256 [com.telcobright.scheduler.examples.MultiAppSchedulerWithUI.main()] INFO  c.t.scheduler.InfiniteAppScheduler - InfiniteAppScheduler created for app 'sms' with table prefix 'sms_scheduled_jobs' and history table 'sms_job_execution_history'
2025-11-01 01:55:50.257 [com.telcobright.scheduler.examples.MultiAppSchedulerWithUI.main()] INFO  c.t.s.handler.JobHandlerRegistry - Registered job handler for app 'sms': SmsJobHandler
2025-11-01 01:55:50.257 [com.telcobright.scheduler.examples.MultiAppSchedulerWithUI.main()] INFO  c.t.s.MultiAppSchedulerManager - Registered app 'sms' with handler SmsJobHandler
2025-11-01 01:55:50.257 [com.telcobright.scheduler.examples.MultiAppSchedulerWithUI.main()] INFO  c.t.s.e.MultiAppSchedulerWithUI - ✅ Registered SMS application → Console output: sms-notifications
2025-11-01 01:55:50.429 [com.telcobright.scheduler.examples.MultiAppSchedulerWithUI.main()] INFO  c.t.scheduler.AppJobHistoryTracker - Job history table 'sipcall_job_execution_history' ensured to exist for app 'sipcall'
2025-11-01 01:55:50.429 [com.telcobright.scheduler.examples.MultiAppSchedulerWithUI.main()] INFO  c.t.scheduler.InfiniteAppScheduler - InfiniteAppScheduler created for app 'sipcall' with table prefix 'sipcall_scheduled_jobs' and history table 'sipcall_job_execution_history'
2025-11-01 01:55:50.429 [com.telcobright.scheduler.examples.MultiAppSchedulerWithUI.main()] INFO  c.t.s.handler.JobHandlerRegistry - Registered job handler for app 'sipcall': SipCallJobHandler
2025-11-01 01:55:50.429 [com.telcobright.scheduler.examples.MultiAppSchedulerWithUI.main()] INFO  c.t.s.MultiAppSchedulerManager - Registered app 'sipcall' with handler SipCallJobHandler
2025-11-01 01:55:50.429 [com.telcobright.scheduler.examples.MultiAppSchedulerWithUI.main()] INFO  c.t.s.e.MultiAppSchedulerWithUI - ✅ Registered SIPCall application → Console output: sipcall-queue
2025-11-01 01:55:50.598 [com.telcobright.scheduler.examples.MultiAppSchedulerWithUI.main()] INFO  c.t.scheduler.AppJobHistoryTracker - Job history table 'payment_gateway_job_execution_history' ensured to exist for app 'payment_gateway'
2025-11-01 01:55:50.599 [com.telcobright.scheduler.examples.MultiAppSchedulerWithUI.main()] INFO  c.t.scheduler.InfiniteAppScheduler - InfiniteAppScheduler created for app 'payment_gateway' with table prefix 'payment_gateway_scheduled_jobs' and history table 'payment_gateway_job_execution_history'
2025-11-01 01:55:50.599 [com.telcobright.scheduler.examples.MultiAppSchedulerWithUI.main()] INFO  c.t.s.handler.JobHandlerRegistry - Registered job handler for app 'payment_gateway': PaymentGatewayJobHandler
2025-11-01 01:55:50.599 [com.telcobright.scheduler.examples.MultiAppSchedulerWithUI.main()] INFO  c.t.s.MultiAppSchedulerManager - Registered app 'payment_gateway' with handler PaymentGatewayJobHandler
2025-11-01 01:55:50.599 [com.telcobright.scheduler.examples.MultiAppSchedulerWithUI.main()] INFO  c.t.s.e.MultiAppSchedulerWithUI - ✅ Registered Payment Gateway application → Console output: payment-transactions
2025-11-01 01:55:50.662 [com.telcobright.scheduler.examples.MultiAppSchedulerWithUI.main()] INFO  io.javalin.Javalin - Starting Javalin ...
2025-11-01 01:55:50.726 [com.telcobright.scheduler.examples.MultiAppSchedulerWithUI.main()] INFO  org.eclipse.jetty.server.Server - jetty-11.0.17; built: 2023-10-09T18:39:14.424Z; git: 48e7716b9462bebea6732b885dbebb4300787a5c; jvm 21.0.5+11-LTS
2025-11-01 01:55:50.736 [com.telcobright.scheduler.examples.MultiAppSchedulerWithUI.main()] ERROR io.javalin.Javalin - Failed to start Javalin
2025-11-01 01:55:50.736 [com.telcobright.scheduler.examples.MultiAppSchedulerWithUI.main()] INFO  io.javalin.Javalin - Stopping Javalin ...
2025-11-01 01:55:50.736 [com.telcobright.scheduler.examples.MultiAppSchedulerWithUI.main()] INFO  org.eclipse.jetty.server.Server - Stopped Server@308addce{STOPPING}[11.0.17,sto=0]
2025-11-01 01:55:50.736 [com.telcobright.scheduler.examples.MultiAppSchedulerWithUI.main()] INFO  io.javalin.Javalin - Javalin has stopped
2025-11-01 01:56:10.383 [com.telcobright.scheduler.examples.MultiAppSchedulerWithUI.main()] INFO  c.t.s.e.MultiAppSchedulerWithUI - === Multi-App Scheduler with Web UI ===
2025-11-01 01:56:10.436 [MLog-Init-Reporter] INFO  com.mchange.v2.log.MLog - MLog clients using slf4j logging.
2025-11-01 01:56:10.530 [com.telcobright.scheduler.examples.MultiAppSchedulerWithUI.main()] INFO  com.mchange.v2.c3p0.C3P0Registry - Initializing c3p0-0.9.5.4 [built 23-March-2019 23:00:48 -0700; debug? true; trace: 10]
2025-11-01 01:56:10.665 [com.telcobright.scheduler.examples.MultiAppSchedulerWithUI.main()] INFO  c.t.scheduler.QuartzTableManager - Checking Quartz tables...
2025-11-01 01:56:10.686 [com.telcobright.scheduler.examples.MultiAppSchedulerWithUI.main()] INFO  c.t.scheduler.QuartzTableManager - All Quartz tables exist
2025-11-01 01:56:10.693 [com.telcobright.scheduler.examples.MultiAppSchedulerWithUI.main()] INFO  c.t.s.MultiAppSchedulerManager - Quartz tables initialized
2025-11-01 01:56:10.698 [com.telcobright.scheduler.examples.MultiAppSchedulerWithUI.main()] INFO  c.t.s.MultiAppSchedulerManager - MultiAppSchedulerManager initialized with shared Quartz scheduler
2025-11-01 01:56:10.765 [com.telcobright.scheduler.examples.MultiAppSchedulerWithUI.main()] INFO  c.t.scheduler.AppJobHistoryTracker - Job history table 'sms_job_execution_history' ensured to exist for app 'sms'
2025-11-01 01:56:10.766 [com.telcobright.scheduler.examples.MultiAppSchedulerWithUI.main()] INFO  c.t.scheduler.InfiniteAppScheduler - InfiniteAppScheduler created for app 'sms' with table prefix 'sms_scheduled_jobs' and history table 'sms_job_execution_history'
2025-11-01 01:56:10.767 [com.telcobright.scheduler.examples.MultiAppSchedulerWithUI.main()] INFO  c.t.s.handler.JobHandlerRegistry - Registered job handler for app 'sms': SmsJobHandler
2025-11-01 01:56:10.767 [com.telcobright.scheduler.examples.MultiAppSchedulerWithUI.main()] INFO  c.t.s.MultiAppSchedulerManager - Registered app 'sms' with handler SmsJobHandler
2025-11-01 01:56:10.767 [com.telcobright.scheduler.examples.MultiAppSchedulerWithUI.main()] INFO  c.t.s.e.MultiAppSchedulerWithUI - ✅ Registered SMS application → Console output: sms-notifications
2025-11-01 01:56:10.784 [com.telcobright.scheduler.examples.MultiAppSchedulerWithUI.main()] INFO  c.t.scheduler.AppJobHistoryTracker - Job history table 'sipcall_job_execution_history' ensured to exist for app 'sipcall'
2025-11-01 01:56:10.784 [com.telcobright.scheduler.examples.MultiAppSchedulerWithUI.main()] INFO  c.t.scheduler.InfiniteAppScheduler - InfiniteAppScheduler created for app 'sipcall' with table prefix 'sipcall_scheduled_jobs' and history table 'sipcall_job_execution_history'
2025-11-01 01:56:10.784 [com.telcobright.scheduler.examples.MultiAppSchedulerWithUI.main()] INFO  c.t.s.handler.JobHandlerRegistry - Registered job handler for app 'sipcall': SipCallJobHandler
2025-11-01 01:56:10.784 [com.telcobright.scheduler.examples.MultiAppSchedulerWithUI.main()] INFO  c.t.s.MultiAppSchedulerManager - Registered app 'sipcall' with handler SipCallJobHandler
2025-11-01 01:56:10.784 [com.telcobright.scheduler.examples.MultiAppSchedulerWithUI.main()] INFO  c.t.s.e.MultiAppSchedulerWithUI - ✅ Registered SIPCall application → Console output: sipcall-queue
2025-11-01 01:56:10.801 [com.telcobright.scheduler.examples.MultiAppSchedulerWithUI.main()] INFO  c.t.scheduler.AppJobHistoryTracker - Job history table 'payment_gateway_job_execution_history' ensured to exist for app 'payment_gateway'
2025-11-01 01:56:10.801 [com.telcobright.scheduler.examples.MultiAppSchedulerWithUI.main()] INFO  c.t.scheduler.InfiniteAppScheduler - InfiniteAppScheduler created for app 'payment_gateway' with table prefix 'payment_gateway_scheduled_jobs' and history table 'payment_gateway_job_execution_history'
2025-11-01 01:56:10.801 [com.telcobright.scheduler.examples.MultiAppSchedulerWithUI.main()] INFO  c.t.s.handler.JobHandlerRegistry - Registered job handler for app 'payment_gateway': PaymentGatewayJobHandler
2025-11-01 01:56:10.802 [com.telcobright.scheduler.examples.MultiAppSchedulerWithUI.main()] INFO  c.t.s.MultiAppSchedulerManager - Registered app 'payment_gateway' with handler PaymentGatewayJobHandler
2025-11-01 01:56:10.802 [com.telcobright.scheduler.examples.MultiAppSchedulerWithUI.main()] INFO  c.t.s.e.MultiAppSchedulerWithUI - ✅ Registered Payment Gateway application → Console output: payment-transactions
2025-11-01 01:56:10.882 [com.telcobright.scheduler.examples.MultiAppSchedulerWithUI.main()] INFO  io.javalin.Javalin - Starting Javalin ...
2025-11-01 01:56:10.938 [com.telcobright.scheduler.examples.MultiAppSchedulerWithUI.main()] INFO  org.eclipse.jetty.server.Server - jetty-11.0.17; built: 2023-10-09T18:39:14.424Z; git: 48e7716b9462bebea6732b885dbebb4300787a5c; jvm 21.0.5+11-LTS
2025-11-01 01:56:10.947 [com.telcobright.scheduler.examples.MultiAppSchedulerWithUI.main()] ERROR io.javalin.Javalin - Failed to start Javalin
2025-11-01 01:56:10.947 [com.telcobright.scheduler.examples.MultiAppSchedulerWithUI.main()] INFO  io.javalin.Javalin - Stopping Javalin ...
2025-11-01 01:56:10.947 [com.telcobright.scheduler.examples.MultiAppSchedulerWithUI.main()] INFO  org.eclipse.jetty.server.Server - Stopped Server@1c9bf8a9{STOPPING}[11.0.17,sto=0]
2025-11-01 01:56:10.947 [com.telcobright.scheduler.examples.MultiAppSchedulerWithUI.main()] INFO  io.javalin.Javalin - Javalin has stopped
2025-11-01 20:53:07.556 [main] INFO  c.t.s.e.MultiAppSchedulerWithUI - === Multi-App Scheduler with Web UI ===
2025-11-01 20:53:07.627 [MLog-Init-Reporter] INFO  com.mchange.v2.log.MLog - MLog clients using slf4j logging.
2025-11-01 20:53:07.827 [main] INFO  com.mchange.v2.c3p0.C3P0Registry - Initializing c3p0-0.9.5.4 [built 23-March-2019 23:00:48 -0700; debug? true; trace: 10]
2025-11-01 20:53:08.073 [main] INFO  c.t.scheduler.QuartzTableManager - Checking Quartz tables...
2025-11-01 20:53:08.104 [main] INFO  c.t.scheduler.QuartzTableManager - All Quartz tables exist
2025-11-01 20:53:08.111 [main] INFO  c.t.s.MultiAppSchedulerManager - Quartz tables initialized
2025-11-01 20:53:08.119 [main] INFO  c.t.s.MultiAppSchedulerManager - MultiAppSchedulerManager initialized with shared Quartz scheduler
2025-11-01 20:53:08.207 [main] INFO  c.t.scheduler.AppJobHistoryTracker - Job history table 'sms_job_execution_history' ensured to exist for app 'sms'
2025-11-01 20:53:08.208 [main] INFO  c.t.scheduler.InfiniteAppScheduler - InfiniteAppScheduler created for app 'sms' with table prefix 'sms_scheduled_jobs' and history table 'sms_job_execution_history'
2025-11-01 20:53:08.208 [main] INFO  c.t.s.handler.JobHandlerRegistry - Registered job handler for app 'sms': SmsJobHandler
2025-11-01 20:53:08.209 [main] INFO  c.t.s.MultiAppSchedulerManager - Registered app 'sms' with handler SmsJobHandler
2025-11-01 20:53:08.209 [main] INFO  c.t.s.e.MultiAppSchedulerWithUI - ✅ Registered SMS application → Console output: sms-notifications
2025-11-01 20:53:08.231 [main] INFO  c.t.scheduler.AppJobHistoryTracker - Job history table 'sipcall_job_execution_history' ensured to exist for app 'sipcall'
2025-11-01 20:53:08.231 [main] INFO  c.t.scheduler.InfiniteAppScheduler - InfiniteAppScheduler created for app 'sipcall' with table prefix 'sipcall_scheduled_jobs' and history table 'sipcall_job_execution_history'
2025-11-01 20:53:08.231 [main] INFO  c.t.s.handler.JobHandlerRegistry - Registered job handler for app 'sipcall': SipCallJobHandler
2025-11-01 20:53:08.231 [main] INFO  c.t.s.MultiAppSchedulerManager - Registered app 'sipcall' with handler SipCallJobHandler
2025-11-01 20:53:08.231 [main] INFO  c.t.s.e.MultiAppSchedulerWithUI - ✅ Registered SIPCall application → Console output: sipcall-queue
2025-11-01 20:53:08.256 [main] INFO  c.t.scheduler.AppJobHistoryTracker - Job history table 'payment_gateway_job_execution_history' ensured to exist for app 'payment_gateway'
2025-11-01 20:53:08.256 [main] INFO  c.t.scheduler.InfiniteAppScheduler - InfiniteAppScheduler created for app 'payment_gateway' with table prefix 'payment_gateway_scheduled_jobs' and history table 'payment_gateway_job_execution_history'
2025-11-01 20:53:08.256 [main] INFO  c.t.s.handler.JobHandlerRegistry - Registered job handler for app 'payment_gateway': PaymentGatewayJobHandler
2025-11-01 20:53:08.256 [main] INFO  c.t.s.MultiAppSchedulerManager - Registered app 'payment_gateway' with handler PaymentGatewayJobHandler
2025-11-01 20:53:08.256 [main] INFO  c.t.s.e.MultiAppSchedulerWithUI - ✅ Registered Payment Gateway application → Console output: payment-transactions
2025-11-01 20:53:08.333 [main] INFO  io.javalin.Javalin - Starting Javalin ...
2025-11-01 20:53:08.427 [main] INFO  org.eclipse.jetty.server.Server - jetty-11.0.17; built: 2023-10-09T18:39:14.424Z; git: 48e7716b9462bebea6732b885dbebb4300787a5c; jvm 21.0.5+11-LTS
2025-11-01 20:53:08.439 [main] ERROR io.javalin.Javalin - Failed to start Javalin
2025-11-01 20:53:08.440 [main] INFO  io.javalin.Javalin - Stopping Javalin ...
2025-11-01 20:53:08.440 [main] INFO  org.eclipse.jetty.server.Server - Stopped Server@16a9a4f1{STOPPING}[11.0.17,sto=0]
2025-11-01 20:53:08.440 [main] INFO  io.javalin.Javalin - Javalin has stopped
2025-11-01 20:53:48.502 [main] INFO  c.t.s.e.MultiAppSchedulerWithUI - === Multi-App Scheduler with Web UI ===
2025-11-01 20:53:48.558 [MLog-Init-Reporter] INFO  com.mchange.v2.log.MLog - MLog clients using slf4j logging.
2025-11-01 20:53:48.696 [main] INFO  com.mchange.v2.c3p0.C3P0Registry - Initializing c3p0-0.9.5.4 [built 23-March-2019 23:00:48 -0700; debug? true; trace: 10]
2025-11-01 20:53:48.907 [main] INFO  c.t.scheduler.QuartzTableManager - Checking Quartz tables...
2025-11-01 20:53:48.934 [main] INFO  c.t.scheduler.QuartzTableManager - All Quartz tables exist
2025-11-01 20:53:48.949 [main] INFO  c.t.s.MultiAppSchedulerManager - Quartz tables initialized
2025-11-01 20:53:48.959 [main] INFO  c.t.s.MultiAppSchedulerManager - MultiAppSchedulerManager initialized with shared Quartz scheduler
2025-11-01 20:53:49.065 [main] INFO  c.t.scheduler.AppJobHistoryTracker - Job history table 'sms_job_execution_history' ensured to exist for app 'sms'
2025-11-01 20:53:49.066 [main] INFO  c.t.scheduler.InfiniteAppScheduler - InfiniteAppScheduler created for app 'sms' with table prefix 'sms_scheduled_jobs' and history table 'sms_job_execution_history'
2025-11-01 20:53:49.067 [main] INFO  c.t.s.handler.JobHandlerRegistry - Registered job handler for app 'sms': SmsJobHandler
2025-11-01 20:53:49.067 [main] INFO  c.t.s.MultiAppSchedulerManager - Registered app 'sms' with handler SmsJobHandler
2025-11-01 20:53:49.067 [main] INFO  c.t.s.e.MultiAppSchedulerWithUI - ✅ Registered SMS application → Console output: sms-notifications
2025-11-01 20:53:49.102 [main] INFO  c.t.scheduler.AppJobHistoryTracker - Job history table 'sipcall_job_execution_history' ensured to exist for app 'sipcall'
2025-11-01 20:53:49.103 [main] INFO  c.t.scheduler.InfiniteAppScheduler - InfiniteAppScheduler created for app 'sipcall' with table prefix 'sipcall_scheduled_jobs' and history table 'sipcall_job_execution_history'
2025-11-01 20:53:49.103 [main] INFO  c.t.s.handler.JobHandlerRegistry - Registered job handler for app 'sipcall': SipCallJobHandler
2025-11-01 20:53:49.103 [main] INFO  c.t.s.MultiAppSchedulerManager - Registered app 'sipcall' with handler SipCallJobHandler
2025-11-01 20:53:49.103 [main] INFO  c.t.s.e.MultiAppSchedulerWithUI - ✅ Registered SIPCall application → Console output: sipcall-queue
2025-11-01 20:53:49.148 [main] INFO  c.t.scheduler.AppJobHistoryTracker - Job history table 'payment_gateway_job_execution_history' ensured to exist for app 'payment_gateway'
2025-11-01 20:53:49.148 [main] INFO  c.t.scheduler.InfiniteAppScheduler - InfiniteAppScheduler created for app 'payment_gateway' with table prefix 'payment_gateway_scheduled_jobs' and history table 'payment_gateway_job_execution_history'
2025-11-01 20:53:49.149 [main] INFO  c.t.s.handler.JobHandlerRegistry - Registered job handler for app 'payment_gateway': PaymentGatewayJobHandler
2025-11-01 20:53:49.149 [main] INFO  c.t.s.MultiAppSchedulerManager - Registered app 'payment_gateway' with handler PaymentGatewayJobHandler
2025-11-01 20:53:49.149 [main] INFO  c.t.s.e.MultiAppSchedulerWithUI - ✅ Registered Payment Gateway application → Console output: payment-transactions
2025-11-01 20:53:49.251 [main] INFO  io.javalin.Javalin - Starting Javalin ...
2025-11-01 20:53:49.328 [main] INFO  org.eclipse.jetty.server.Server - jetty-11.0.17; built: 2023-10-09T18:39:14.424Z; git: 48e7716b9462bebea6732b885dbebb4300787a5c; jvm 21.0.5+11-LTS
2025-11-01 20:53:49.338 [main] ERROR io.javalin.Javalin - Failed to start Javalin
2025-11-01 20:53:49.338 [main] INFO  io.javalin.Javalin - Stopping Javalin ...
2025-11-01 20:53:49.339 [main] INFO  org.eclipse.jetty.server.Server - Stopped Server@16a9a4f1{STOPPING}[11.0.17,sto=0]
2025-11-01 20:53:49.339 [main] INFO  io.javalin.Javalin - Javalin has stopped
2025-11-01 20:54:54.265 [main] INFO  c.t.s.e.MultiAppSchedulerWithUI - === Multi-App Scheduler with Web UI ===
2025-11-01 20:54:54.323 [MLog-Init-Reporter] INFO  com.mchange.v2.log.MLog - MLog clients using slf4j logging.
2025-11-01 20:54:54.494 [main] INFO  com.mchange.v2.c3p0.C3P0Registry - Initializing c3p0-0.9.5.4 [built 23-March-2019 23:00:48 -0700; debug? true; trace: 10]
2025-11-01 20:54:54.725 [main] INFO  c.t.scheduler.QuartzTableManager - Checking Quartz tables...
2025-11-01 20:54:54.749 [main] INFO  c.t.scheduler.QuartzTableManager - All Quartz tables exist
2025-11-01 20:54:54.758 [main] INFO  c.t.s.MultiAppSchedulerManager - Quartz tables initialized
2025-11-01 20:54:54.766 [main] INFO  c.t.s.MultiAppSchedulerManager - MultiAppSchedulerManager initialized with shared Quartz scheduler
2025-11-01 20:54:54.896 [main] INFO  c.t.scheduler.AppJobHistoryTracker - Job history table 'sms_job_execution_history' ensured to exist for app 'sms'
2025-11-01 20:54:54.897 [main] INFO  c.t.scheduler.InfiniteAppScheduler - InfiniteAppScheduler created for app 'sms' with table prefix 'sms_scheduled_jobs' and history table 'sms_job_execution_history'
2025-11-01 20:54:54.898 [main] INFO  c.t.s.handler.JobHandlerRegistry - Registered job handler for app 'sms': SmsJobHandler
2025-11-01 20:54:54.898 [main] INFO  c.t.s.MultiAppSchedulerManager - Registered app 'sms' with handler SmsJobHandler
2025-11-01 20:54:54.898 [main] INFO  c.t.s.e.MultiAppSchedulerWithUI - ✅ Registered SMS application → Console output: sms-notifications
2025-11-01 20:54:54.943 [main] INFO  c.t.scheduler.AppJobHistoryTracker - Job history table 'sipcall_job_execution_history' ensured to exist for app 'sipcall'
2025-11-01 20:54:54.943 [main] INFO  c.t.scheduler.InfiniteAppScheduler - InfiniteAppScheduler created for app 'sipcall' with table prefix 'sipcall_scheduled_jobs' and history table 'sipcall_job_execution_history'
2025-11-01 20:54:54.943 [main] INFO  c.t.s.handler.JobHandlerRegistry - Registered job handler for app 'sipcall': SipCallJobHandler
2025-11-01 20:54:54.943 [main] INFO  c.t.s.MultiAppSchedulerManager - Registered app 'sipcall' with handler SipCallJobHandler
2025-11-01 20:54:54.943 [main] INFO  c.t.s.e.MultiAppSchedulerWithUI - ✅ Registered SIPCall application → Console output: sipcall-queue
2025-11-01 20:54:54.978 [main] INFO  c.t.scheduler.AppJobHistoryTracker - Job history table 'payment_gateway_job_execution_history' ensured to exist for app 'payment_gateway'
2025-11-01 20:54:54.978 [main] INFO  c.t.scheduler.InfiniteAppScheduler - InfiniteAppScheduler created for app 'payment_gateway' with table prefix 'payment_gateway_scheduled_jobs' and history table 'payment_gateway_job_execution_history'
2025-11-01 20:54:54.978 [main] INFO  c.t.s.handler.JobHandlerRegistry - Registered job handler for app 'payment_gateway': PaymentGatewayJobHandler
2025-11-01 20:54:54.978 [main] INFO  c.t.s.MultiAppSchedulerManager - Registered app 'payment_gateway' with handler PaymentGatewayJobHandler
2025-11-01 20:54:54.978 [main] INFO  c.t.s.e.MultiAppSchedulerWithUI - ✅ Registered Payment Gateway application → Console output: payment-transactions
2025-11-01 20:54:55.067 [main] INFO  io.javalin.Javalin - Starting Javalin ...
2025-11-01 20:54:55.151 [main] INFO  org.eclipse.jetty.server.Server - jetty-11.0.17; built: 2023-10-09T18:39:14.424Z; git: 48e7716b9462bebea6732b885dbebb4300787a5c; jvm 21.0.5+11-LTS
2025-11-01 20:54:55.163 [main] ERROR io.javalin.Javalin - Failed to start Javalin
2025-11-01 20:54:55.163 [main] INFO  io.javalin.Javalin - Stopping Javalin ...
2025-11-01 20:54:55.163 [main] INFO  org.eclipse.jetty.server.Server - Stopped Server@16a9a4f1{STOPPING}[11.0.17,sto=0]
2025-11-01 20:54:55.163 [main] INFO  io.javalin.Javalin - Javalin has stopped
2025-11-01 20:55:37.507 [main] INFO  c.t.s.e.MultiAppSchedulerWithUI - === Multi-App Scheduler with Web UI ===
2025-11-01 20:55:37.581 [MLog-Init-Reporter] INFO  com.mchange.v2.log.MLog - MLog clients using slf4j logging.
2025-11-01 20:55:37.809 [main] INFO  com.mchange.v2.c3p0.C3P0Registry - Initializing c3p0-0.9.5.4 [built 23-March-2019 23:00:48 -0700; debug? true; trace: 10]
2025-11-01 20:55:38.062 [main] INFO  c.t.scheduler.QuartzTableManager - Checking Quartz tables...
2025-11-01 20:55:38.087 [main] INFO  c.t.scheduler.QuartzTableManager - All Quartz tables exist
2025-11-01 20:55:38.096 [main] INFO  c.t.s.MultiAppSchedulerManager - Quartz tables initialized
2025-11-01 20:55:38.104 [main] INFO  c.t.s.MultiAppSchedulerManager - MultiAppSchedulerManager initialized with shared Quartz scheduler
2025-11-01 20:55:38.232 [main] INFO  c.t.scheduler.AppJobHistoryTracker - Job history table 'sms_job_execution_history' ensured to exist for app 'sms'
2025-11-01 20:55:38.233 [main] INFO  c.t.scheduler.InfiniteAppScheduler - InfiniteAppScheduler created for app 'sms' with table prefix 'sms_scheduled_jobs' and history table 'sms_job_execution_history'
2025-11-01 20:55:38.234 [main] INFO  c.t.s.handler.JobHandlerRegistry - Registered job handler for app 'sms': SmsJobHandler
2025-11-01 20:55:38.234 [main] INFO  c.t.s.MultiAppSchedulerManager - Registered app 'sms' with handler SmsJobHandler
2025-11-01 20:55:38.234 [main] INFO  c.t.s.e.MultiAppSchedulerWithUI - ✅ Registered SMS application → Console output: sms-notifications
2025-11-01 20:55:38.259 [main] INFO  c.t.scheduler.AppJobHistoryTracker - Job history table 'sipcall_job_execution_history' ensured to exist for app 'sipcall'
2025-11-01 20:55:38.260 [main] INFO  c.t.scheduler.InfiniteAppScheduler - InfiniteAppScheduler created for app 'sipcall' with table prefix 'sipcall_scheduled_jobs' and history table 'sipcall_job_execution_history'
2025-11-01 20:55:38.260 [main] INFO  c.t.s.handler.JobHandlerRegistry - Registered job handler for app 'sipcall': SipCallJobHandler
2025-11-01 20:55:38.260 [main] INFO  c.t.s.MultiAppSchedulerManager - Registered app 'sipcall' with handler SipCallJobHandler
2025-11-01 20:55:38.260 [main] INFO  c.t.s.e.MultiAppSchedulerWithUI - ✅ Registered SIPCall application → Console output: sipcall-queue
2025-11-01 20:55:38.280 [main] INFO  c.t.scheduler.AppJobHistoryTracker - Job history table 'payment_gateway_job_execution_history' ensured to exist for app 'payment_gateway'
2025-11-01 20:55:38.280 [main] INFO  c.t.scheduler.InfiniteAppScheduler - InfiniteAppScheduler created for app 'payment_gateway' with table prefix 'payment_gateway_scheduled_jobs' and history table 'payment_gateway_job_execution_history'
2025-11-01 20:55:38.280 [main] INFO  c.t.s.handler.JobHandlerRegistry - Registered job handler for app 'payment_gateway': PaymentGatewayJobHandler
2025-11-01 20:55:38.280 [main] INFO  c.t.s.MultiAppSchedulerManager - Registered app 'payment_gateway' with handler PaymentGatewayJobHandler
2025-11-01 20:55:38.280 [main] INFO  c.t.s.e.MultiAppSchedulerWithUI - ✅ Registered Payment Gateway application → Console output: payment-transactions
2025-11-01 20:55:38.379 [main] INFO  io.javalin.Javalin - Starting Javalin ...
2025-11-01 20:55:38.471 [main] INFO  org.eclipse.jetty.server.Server - jetty-11.0.17; built: 2023-10-09T18:39:14.424Z; git: 48e7716b9462bebea6732b885dbebb4300787a5c; jvm 21.0.5+11-LTS
2025-11-01 20:55:38.483 [main] ERROR io.javalin.Javalin - Failed to start Javalin
2025-11-01 20:55:38.484 [main] INFO  io.javalin.Javalin - Stopping Javalin ...
2025-11-01 20:55:38.484 [main] INFO  org.eclipse.jetty.server.Server - Stopped Server@16a9a4f1{STOPPING}[11.0.17,sto=0]
2025-11-01 20:55:38.484 [main] INFO  io.javalin.Javalin - Javalin has stopped
2025-11-01 21:07:15.828 [main] INFO  c.t.s.e.MultiAppSchedulerWithUI - === Multi-App Scheduler with Web UI ===
2025-11-01 21:07:15.880 [MLog-Init-Reporter] INFO  com.mchange.v2.log.MLog - MLog clients using slf4j logging.
2025-11-01 21:07:16.035 [main] INFO  com.mchange.v2.c3p0.C3P0Registry - Initializing c3p0-0.9.5.4 [built 23-March-2019 23:00:48 -0700; debug? true; trace: 10]
2025-11-01 21:07:16.231 [main] INFO  c.t.scheduler.QuartzTableManager - Checking Quartz tables...
2025-11-01 21:07:16.254 [main] INFO  c.t.scheduler.QuartzTableManager - All Quartz tables exist
2025-11-01 21:07:16.262 [main] INFO  c.t.s.MultiAppSchedulerManager - Quartz tables initialized
2025-11-01 21:07:16.268 [main] INFO  c.t.s.MultiAppSchedulerManager - MultiAppSchedulerManager initialized with shared Quartz scheduler
2025-11-01 21:07:16.360 [main] INFO  c.t.scheduler.AppJobHistoryTracker - Job history table 'sms_job_execution_history' ensured to exist for app 'sms'
2025-11-01 21:07:16.362 [main] INFO  c.t.scheduler.InfiniteAppScheduler - InfiniteAppScheduler created for app 'sms' with table prefix 'sms_scheduled_jobs' and history table 'sms_job_execution_history'
2025-11-01 21:07:16.363 [main] INFO  c.t.s.handler.JobHandlerRegistry - Registered job handler for app 'sms': SmsJobHandler
2025-11-01 21:07:16.364 [main] INFO  c.t.s.MultiAppSchedulerManager - Registered app 'sms' with handler SmsJobHandler
2025-11-01 21:07:16.364 [main] INFO  c.t.s.e.MultiAppSchedulerWithUI - ✅ Registered SMS application → Console output: sms-notifications
2025-11-01 21:07:16.399 [main] INFO  c.t.scheduler.AppJobHistoryTracker - Job history table 'sipcall_job_execution_history' ensured to exist for app 'sipcall'
2025-11-01 21:07:16.400 [main] INFO  c.t.scheduler.InfiniteAppScheduler - InfiniteAppScheduler created for app 'sipcall' with table prefix 'sipcall_scheduled_jobs' and history table 'sipcall_job_execution_history'
2025-11-01 21:07:16.400 [main] INFO  c.t.s.handler.JobHandlerRegistry - Registered job handler for app 'sipcall': SipCallJobHandler
2025-11-01 21:07:16.400 [main] INFO  c.t.s.MultiAppSchedulerManager - Registered app 'sipcall' with handler SipCallJobHandler
2025-11-01 21:07:16.400 [main] INFO  c.t.s.e.MultiAppSchedulerWithUI - ✅ Registered SIPCall application → Console output: sipcall-queue
2025-11-01 21:07:16.437 [main] INFO  c.t.scheduler.AppJobHistoryTracker - Job history table 'payment_gateway_job_execution_history' ensured to exist for app 'payment_gateway'
2025-11-01 21:07:16.438 [main] INFO  c.t.scheduler.InfiniteAppScheduler - InfiniteAppScheduler created for app 'payment_gateway' with table prefix 'payment_gateway_scheduled_jobs' and history table 'payment_gateway_job_execution_history'
2025-11-01 21:07:16.438 [main] INFO  c.t.s.handler.JobHandlerRegistry - Registered job handler for app 'payment_gateway': PaymentGatewayJobHandler
2025-11-01 21:07:16.438 [main] INFO  c.t.s.MultiAppSchedulerManager - Registered app 'payment_gateway' with handler PaymentGatewayJobHandler
2025-11-01 21:07:16.438 [main] INFO  c.t.s.e.MultiAppSchedulerWithUI - ✅ Registered Payment Gateway application → Console output: payment-transactions
2025-11-01 21:07:16.538 [main] INFO  io.javalin.Javalin - Starting Javalin ...
2025-11-01 21:07:16.616 [main] INFO  org.eclipse.jetty.server.Server - jetty-11.0.17; built: 2023-10-09T18:39:14.424Z; git: 48e7716b9462bebea6732b885dbebb4300787a5c; jvm 21.0.5+11-LTS
2025-11-01 21:07:16.645 [main] INFO  o.e.j.s.s.DefaultSessionIdManager - Session workerName=node0
2025-11-01 21:07:16.654 [main] INFO  o.e.j.server.handler.ContextHandler - Started i.j.j.@5b4d25e7{/,null,AVAILABLE}
2025-11-01 21:07:16.673 [main] INFO  o.e.jetty.server.AbstractConnector - Started ServerConnector@8c46918{HTTP/1.1, (http/1.1)}{0.0.0.0:7072}
2025-11-01 21:07:16.676 [main] INFO  org.eclipse.jetty.server.Server - Started Server@16a9a4f1{STARTING}[11.0.17,sto=0] @1176ms
2025-11-01 21:07:16.676 [main] INFO  io.javalin.Javalin - 
       __                  ___          ______
      / /___ __   ______ _/ (_)___     / ____/
 __  / / __ `/ | / / __ `/ / / __ \   /___ \
/ /_/ / /_/ /| |/ / /_/ / / / / / /  ____/ /
\____/\__,_/ |___/\__,_/_/_/_/ /_/  /_____/

       https://javalin.io/documentation

2025-11-01 21:07:16.676 [main] INFO  io.javalin.Javalin - Your JDK supports Loom. Javalin will prefer Virtual Threads by default. Disable with `ConcurrencyUtil.useLoom = false`.
2025-11-01 21:07:16.697 [main] INFO  io.javalin.Javalin - Static file handler added: StaticFileConfig(hostedPath=/, directory=/public, location=CLASSPATH, precompress=false, aliasCheck=null, headers={Cache-Control=max-age=0}, skipFileFunction=Function1<jakarta.servlet.http.HttpServletRequest, java.lang.Boolean>, mimeTypes=io.javalin.http.staticfiles.MimeTypesConfig@68c87fc3). File system location: 'jar:file:/home/mustafa/telcobright-projects/routesphere/infinite-scheduler/target/infinite-scheduler-1.0.0.jar!/public'
2025-11-01 21:07:16.701 [main] INFO  io.javalin.Javalin - Listening on http://localhost:7072/
2025-11-01 21:07:16.712 [main] INFO  io.javalin.Javalin - You are running Javalin 5.6.3 (released October 15, 2023. Your Javalin version is 748 days old. Consider checking for a newer version.).
2025-11-01 21:07:16.713 [main] INFO  io.javalin.Javalin - Javalin started in 177ms \o/
2025-11-01 21:07:16.715 [main] INFO  c.t.scheduler.web.JobStatusApi - Job Status API started on port 7072
2025-11-01 21:07:16.715 [main] INFO  c.t.scheduler.web.JobStatusApi - Access UI at: http://localhost:7072/index.html
2025-11-01 21:07:16.722 [main] INFO  c.t.s.MultiAppSchedulerManager - Registered JobCompletionListener
2025-11-01 21:07:16.739 [main] INFO  c.m.v.c.i.AbstractPoolBackedDataSource - Initializing c3p0 pool... com.mchange.v2.c3p0.ComboPooledDataSource [ acquireIncrement -> 3, acquireRetryAttempts -> 30, acquireRetryDelay -> 1000, autoCommitOnClose -> false, automaticTestTable -> null, breakAfterAcquireFailure -> false, checkoutTimeout -> 0, connectionCustomizerClassName -> null, connectionTesterClassName -> com.mchange.v2.c3p0.impl.DefaultConnectionTester, contextClassLoaderSource -> caller, dataSourceName -> z8kfsxbehqv2hi2tb9ax|24105dc5, debugUnreturnedConnectionStackTraces -> false, description -> null, driverClass -> com.mysql.cj.jdbc.Driver, extensions -> {}, factoryClassLocation -> null, forceIgnoreUnresolvedTransactions -> false, forceSynchronousCheckins -> false, forceUseNamedDriverClass -> false, identityToken -> z8kfsxbehqv2hi2tb9ax|24105dc5, idleConnectionTestPeriod -> 50, initialPoolSize -> 3, jdbcUrl -> jdbc:mysql://127.0.0.1:3306/scheduler?useSSL=false&serverTimezone=UTC, maxAdministrativeTaskTime -> 0, maxConnectionAge -> 0, maxIdleTime -> 0, maxIdleTimeExcessConnections -> 0, maxPoolSize -> 10, maxStatements -> 0, maxStatementsPerConnection -> 120, minPoolSize -> 1, numHelperThreads -> 3, preferredTestQuery -> SELECT 1, privilegeSpawnedThreads -> false, properties -> {password=******, user=******}, propertyCycle -> 0, statementCacheNumDeferredCloseThreads -> 0, testConnectionOnCheckin -> true, testConnectionOnCheckout -> false, unreturnedConnectionTimeout -> 0, userOverrides -> {}, usesTraditionalReflectiveProxies -> false ]
2025-11-01 21:07:16.854 [main] INFO  c.t.s.MultiAppSchedulerManager - Started shared Quartz scheduler
2025-11-01 21:07:16.854 [main] INFO  c.t.scheduler.QuartzCleanupService - Starting Quartz cleanup service with interval: 5 minutes
2025-11-01 21:07:16.854 [quartz-cleanup] INFO  c.t.scheduler.QuartzCleanupService - Quartz cleanup thread started
2025-11-01 21:07:16.855 [main] INFO  c.t.scheduler.InfiniteAppScheduler - Started scheduler for app 'payment_gateway'
2025-11-01 21:07:16.855 [fetcher-payment_gateway] INFO  c.t.scheduler.InfiniteAppScheduler - Fetcher thread started for app 'payment_gateway'
2025-11-01 21:07:16.855 [main] INFO  c.t.scheduler.InfiniteAppScheduler - Started scheduler for app 'sms'
2025-11-01 21:07:16.855 [fetcher-sms] INFO  c.t.scheduler.InfiniteAppScheduler - Fetcher thread started for app 'sms'
2025-11-01 21:07:16.856 [main] INFO  c.t.scheduler.InfiniteAppScheduler - Started scheduler for app 'sipcall'
2025-11-01 21:07:16.856 [fetcher-sipcall] INFO  c.t.scheduler.InfiniteAppScheduler - Fetcher thread started for app 'sipcall'
2025-11-01 21:07:16.856 [main] INFO  c.t.s.MultiAppSchedulerManager - Started all 3 application schedulers
2025-11-01 21:07:16.856 [main] INFO  c.t.s.e.MultiAppSchedulerWithUI - ✅ All application schedulers started
2025-11-01 21:07:16.859 [main] INFO  c.t.s.e.MultiAppSchedulerWithUI - 📊 Job generators started:
2025-11-01 21:07:16.859 [main] INFO  c.t.s.e.MultiAppSchedulerWithUI -    - SMS: every 5 seconds
2025-11-01 21:07:16.859 [main] INFO  c.t.s.e.MultiAppSchedulerWithUI -    - SIP Call: every 8 seconds
2025-11-01 21:07:16.859 [main] INFO  c.t.s.e.MultiAppSchedulerWithUI -    - Payment: every 12 seconds
2025-11-01 21:07:16.859 [main] INFO  c.t.s.e.MultiAppSchedulerWithUI - 🌐 Web UI: http://localhost:7070/index.html
2025-11-01 21:07:16.859 [main] INFO  c.t.s.e.MultiAppSchedulerWithUI - ⏰ Press Ctrl+C to stop
2025-11-01 21:07:16.859 [main] INFO  c.t.s.e.MultiAppSchedulerWithUI - 
2025-11-01 21:07:16.859 [main] INFO  c.t.s.e.MultiAppSchedulerWithUI - ╔════════════════════════════════════════════════════════════════════╗
2025-11-01 21:07:16.860 [main] INFO  c.t.s.e.MultiAppSchedulerWithUI - ║  ✅ INFINITE SCHEDULER STARTED SUCCESSFULLY                        ║
2025-11-01 21:07:16.860 [main] INFO  c.t.s.e.MultiAppSchedulerWithUI - ║                                                                    ║
2025-11-01 21:07:16.860 [main] INFO  c.t.s.e.MultiAppSchedulerWithUI - ║  Multi-App Architecture: 3 apps (SMS, SIPCall, Payment)           ║
2025-11-01 21:07:16.860 [main] INFO  c.t.s.e.MultiAppSchedulerWithUI - ║  Queue Type: CONSOLE (Mock for testing)                           ║
2025-11-01 21:07:16.860 [main] INFO  c.t.s.e.MultiAppSchedulerWithUI - ║  Web UI: http://localhost:7070/index.html                         ║
2025-11-01 21:07:16.861 [main] INFO  c.t.s.e.MultiAppSchedulerWithUI - ║  REST API: http://localhost:7070/api/*                            ║
2025-11-01 21:07:16.861 [main] INFO  c.t.s.e.MultiAppSchedulerWithUI - ║  Database: 127.0.0.1:3306/scheduler                       ║
2025-11-01 21:07:16.862 [main] INFO  c.t.s.e.MultiAppSchedulerWithUI - ║  Status: RUNNING - Ready to schedule jobs                         ║
2025-11-01 21:07:16.862 [main] INFO  c.t.s.e.MultiAppSchedulerWithUI - ╚════════════════════════════════════════════════════════════════════╝
2025-11-01 21:07:16.862 [main] INFO  c.t.s.e.MultiAppSchedulerWithUI - 
2025-11-01 21:07:16.879 [pool-1-thread-1] INFO  c.t.scheduler.InfiniteAppScheduler - Scheduled job for app 'sms' with ID '09266129-7433-4971-87d6-48feaa0028ed' to execute at 2025-11-01T21:07:26.857618817
2025-11-01 21:07:16.879 [pool-1-thread-1] INFO  c.t.s.e.MultiAppSchedulerWithUI - 📱 Scheduled SMS job #1 to execute at 2025-11-01 21:07:26
2025-11-01 21:07:16.895 [MultiAppScheduler_Worker-1] INFO  c.t.scheduler.job.GenericJob - Executing job 'sms-job-3252' for app 'sms' with entity ID: e6371cd8-297d-419d-9823-cad32f41cfc2
2025-11-01 21:07:16.900 [MultiAppScheduler_Worker-1] INFO  c.t.s.queue.MockQueueProducer - 🔧 MockQueueProducer initialized for topic: sms-notifications (simulating CONSOLE)
2025-11-01 21:07:16.902 [MultiAppScheduler_Worker-1] INFO  c.t.s.queue.MockQueueProducer - ✅ Message sent to mock queue 'sms-notifications': 7 fields
2025-11-01 21:07:16.902 [MultiAppScheduler_Worker-1] INFO  c.t.scheduler.job.GenericJob - ✅ Job 'sms-job-3252' for app 'sms' produced to queue 'sms-notifications' successfully in 7 ms
2025-11-01 21:07:16.913 [MultiAppScheduler_Worker-2] INFO  c.t.scheduler.job.GenericJob - Executing job 'sipcall-job-2032' for app 'sipcall' with entity ID: c84b7ac3-d08e-4c69-94ab-0ccf1e04525f
2025-11-01 21:07:16.913 [MultiAppScheduler_Worker-2] INFO  c.t.s.queue.MockQueueProducer - 🔧 MockQueueProducer initialized for topic: sipcall-queue (simulating CONSOLE)
2025-11-01 21:07:16.914 [MultiAppScheduler_Worker-2] INFO  c.t.s.queue.MockQueueProducer - ✅ Message sent to mock queue 'sipcall-queue': 7 fields
2025-11-01 21:07:16.914 [MultiAppScheduler_Worker-2] INFO  c.t.scheduler.job.GenericJob - ✅ Job 'sipcall-job-2032' for app 'sipcall' produced to queue 'sipcall-queue' successfully in 1 ms
2025-11-01 21:07:16.958 [MultiAppScheduler_Worker-3] INFO  c.t.scheduler.job.GenericJob - Executing job 'sms-job-3253' for app 'sms' with entity ID: 8cc40005-8dba-47f4-9156-d5582227d529
2025-11-01 21:07:16.959 [MultiAppScheduler_Worker-3] INFO  c.t.s.queue.MockQueueProducer - ✅ Message sent to mock queue 'sms-notifications': 7 fields
2025-11-01 21:07:16.959 [MultiAppScheduler_Worker-3] INFO  c.t.scheduler.job.GenericJob - ✅ Job 'sms-job-3253' for app 'sms' produced to queue 'sms-notifications' successfully in 1 ms
2025-11-01 21:07:16.974 [MultiAppScheduler_Worker-4] INFO  c.t.scheduler.job.GenericJob - Executing job 'payment-job-1355' for app 'payment_gateway' with entity ID: e003cd51-eafd-4d69-af69-8d31b9ca1a1f
2025-11-01 21:07:16.974 [MultiAppScheduler_Worker-4] INFO  c.t.s.queue.MockQueueProducer - 🔧 MockQueueProducer initialized for topic: payment-transactions (simulating CONSOLE)
2025-11-01 21:07:16.975 [MultiAppScheduler_Worker-4] INFO  c.t.s.queue.MockQueueProducer - ✅ Message sent to mock queue 'payment-transactions': 7 fields
2025-11-01 21:07:16.975 [MultiAppScheduler_Worker-4] INFO  c.t.scheduler.job.GenericJob - ✅ Job 'payment-job-1355' for app 'payment_gateway' produced to queue 'payment-transactions' successfully in 1 ms
2025-11-01 21:07:17.006 [MultiAppScheduler_Worker-5] INFO  c.t.scheduler.job.GenericJob - Executing job 'sipcall-job-2033' for app 'sipcall' with entity ID: 3658523c-559f-4462-b6d6-346a476f904d
2025-11-01 21:07:17.007 [MultiAppScheduler_Worker-5] INFO  c.t.s.queue.MockQueueProducer - ✅ Message sent to mock queue 'sipcall-queue': 7 fields
2025-11-01 21:07:17.007 [MultiAppScheduler_Worker-5] INFO  c.t.scheduler.job.GenericJob - ✅ Job 'sipcall-job-2033' for app 'sipcall' produced to queue 'sipcall-queue' successfully in 1 ms
2025-11-01 21:07:18.871 [pool-1-thread-2] INFO  c.t.scheduler.InfiniteAppScheduler - Scheduled job for app 'sipcall' with ID 'bc6ff7a0-54a0-41dc-8a93-da10e339174b' to execute at 2025-11-01T21:07:33.858754994
2025-11-01 21:07:18.871 [pool-1-thread-2] INFO  c.t.s.e.MultiAppSchedulerWithUI - 📞 Scheduled SIP Call job #1 to execute at 2025-11-01 21:07:33
2025-11-01 21:07:20.872 [pool-1-thread-3] INFO  c.t.scheduler.InfiniteAppScheduler - Scheduled job for app 'payment_gateway' with ID '37d79900-3060-4f2b-a1dc-38caaecefc04' to execute at 2025-11-01T21:07:40.859165265
2025-11-01 21:07:20.872 [pool-1-thread-3] INFO  c.t.s.e.MultiAppSchedulerWithUI - 💳 Scheduled Payment job #1 to execute at 2025-11-01 21:07:40
2025-11-01 21:07:21.871 [pool-1-thread-1] INFO  c.t.scheduler.InfiniteAppScheduler - Scheduled job for app 'sms' with ID '178b2dd4-2296-48ed-9d30-67356022c946' to execute at 2025-11-01T21:07:31.857449845
2025-11-01 21:07:21.871 [pool-1-thread-1] INFO  c.t.s.e.MultiAppSchedulerWithUI - 📱 Scheduled SMS job #2 to execute at 2025-11-01 21:07:31
2025-11-01 21:07:21.876 [fetcher-sipcall] INFO  c.t.scheduler.InfiniteAppScheduler - Found 1 entities to schedule for app 'sipcall'
2025-11-01 21:07:21.876 [fetcher-payment_gateway] INFO  c.t.scheduler.InfiniteAppScheduler - Found 1 entities to schedule for app 'payment_gateway'
2025-11-01 21:07:21.876 [fetcher-sms] INFO  c.t.scheduler.InfiniteAppScheduler - Found 2 entities to schedule for app 'sms'
2025-11-01 21:07:21.918 [fetcher-sms] INFO  c.t.scheduler.InfiniteAppScheduler - Scheduled job 'sms-job-1' for app 'sms' to execute at 2025-11-01T21:07:26.857619
2025-11-01 21:07:21.930 [fetcher-sipcall] INFO  c.t.scheduler.InfiniteAppScheduler - Scheduled job 'sipcall-job-1' for app 'sipcall' to execute at 2025-11-01T21:07:33.858755
2025-11-01 21:07:21.941 [fetcher-payment_gateway] INFO  c.t.scheduler.InfiniteAppScheduler - Scheduled job 'payment-job-1' for app 'payment_gateway' to execute at 2025-11-01T21:07:40.859165
2025-11-01 21:07:21.953 [fetcher-sms] INFO  c.t.scheduler.InfiniteAppScheduler - Scheduled job 'sms-job-2' for app 'sms' to execute at 2025-11-01T21:07:31.857450
2025-11-01 21:07:26.870 [pool-1-thread-1] INFO  c.t.scheduler.InfiniteAppScheduler - Scheduled job for app 'sms' with ID '6924af07-a581-4597-873c-6229c92338ed' to execute at 2025-11-01T21:07:36.857463579
2025-11-01 21:07:26.871 [pool-1-thread-1] INFO  c.t.s.e.MultiAppSchedulerWithUI - 📱 Scheduled SMS job #3 to execute at 2025-11-01 21:07:36
2025-11-01 21:07:26.873 [pool-1-thread-2] INFO  c.t.scheduler.InfiniteAppScheduler - Scheduled job for app 'sipcall' with ID '4c570d2c-bb54-488b-b4f1-d4b73317aefb' to execute at 2025-11-01T21:07:41.858744963
2025-11-01 21:07:26.874 [pool-1-thread-2] INFO  c.t.s.e.MultiAppSchedulerWithUI - 📞 Scheduled SIP Call job #2 to execute at 2025-11-01 21:07:41
2025-11-01 21:07:26.880 [MultiAppScheduler_Worker-6] INFO  c.t.scheduler.job.GenericJob - Executing job 'sms-job-1' for app 'sms' with entity ID: 09266129-7433-4971-87d6-48feaa0028ed
2025-11-01 21:07:26.881 [MultiAppScheduler_Worker-6] INFO  c.t.s.queue.MockQueueProducer - ✅ Message sent to mock queue 'sms-notifications': 7 fields
2025-11-01 21:07:26.882 [MultiAppScheduler_Worker-6] INFO  c.t.scheduler.job.GenericJob - ✅ Job 'sms-job-1' for app 'sms' produced to queue 'sms-notifications' successfully in 2 ms
2025-11-01 21:07:26.934 [fetcher-sipcall] INFO  c.t.scheduler.InfiniteAppScheduler - Found 1 entities to schedule for app 'sipcall'
2025-11-01 21:07:26.957 [fetcher-sms] INFO  c.t.scheduler.InfiniteAppScheduler - Found 1 entities to schedule for app 'sms'
2025-11-01 21:07:26.957 [fetcher-sipcall] INFO  c.t.scheduler.InfiniteAppScheduler - Scheduled job 'sipcall-job-2' for app 'sipcall' to execute at 2025-11-01T21:07:41.858745
2025-11-01 21:07:26.979 [fetcher-sms] INFO  c.t.scheduler.InfiniteAppScheduler - Scheduled job 'sms-job-3' for app 'sms' to execute at 2025-11-01T21:07:36.857464
2025-11-01 21:07:31.871 [pool-1-thread-1] INFO  c.t.scheduler.InfiniteAppScheduler - Scheduled job for app 'sms' with ID 'e3c9c782-e78c-48ce-8604-153175952801' to execute at 2025-11-01T21:07:41.857426936
2025-11-01 21:07:31.871 [pool-1-thread-1] INFO  c.t.s.e.MultiAppSchedulerWithUI - 📱 Scheduled SMS job #4 to execute at 2025-11-01 21:07:41
2025-11-01 21:07:31.879 [MultiAppScheduler_Worker-7] INFO  c.t.scheduler.job.GenericJob - Executing job 'sms-job-2' for app 'sms' with entity ID: 178b2dd4-2296-48ed-9d30-67356022c946
2025-11-01 21:07:31.880 [MultiAppScheduler_Worker-7] INFO  c.t.s.queue.MockQueueProducer - ✅ Message sent to mock queue 'sms-notifications': 7 fields
2025-11-01 21:07:31.880 [MultiAppScheduler_Worker-7] INFO  c.t.scheduler.job.GenericJob - ✅ Job 'sms-job-2' for app 'sms' produced to queue 'sms-notifications' successfully in 1 ms
2025-11-01 21:07:31.984 [fetcher-sms] INFO  c.t.scheduler.InfiniteAppScheduler - Found 1 entities to schedule for app 'sms'
2025-11-01 21:07:32.006 [fetcher-sms] INFO  c.t.scheduler.InfiniteAppScheduler - Scheduled job 'sms-job-4' for app 'sms' to execute at 2025-11-01T21:07:41.857427
2025-11-01 21:07:32.871 [pool-1-thread-3] INFO  c.t.scheduler.InfiniteAppScheduler - Scheduled job for app 'payment_gateway' with ID 'c0993b3e-13cb-46e5-8a5a-b646ae36e394' to execute at 2025-11-01T21:07:52.859138018
2025-11-01 21:07:32.872 [pool-1-thread-3] INFO  c.t.s.e.MultiAppSchedulerWithUI - 💳 Scheduled Payment job #2 to execute at 2025-11-01 21:07:52
2025-11-01 21:07:33.882 [MultiAppScheduler_Worker-8] INFO  c.t.scheduler.job.GenericJob - Executing job 'sipcall-job-1' for app 'sipcall' with entity ID: bc6ff7a0-54a0-41dc-8a93-da10e339174b
2025-11-01 21:07:33.883 [MultiAppScheduler_Worker-8] INFO  c.t.s.queue.MockQueueProducer - ✅ Message sent to mock queue 'sipcall-queue': 7 fields
2025-11-01 21:07:33.883 [MultiAppScheduler_Worker-8] INFO  c.t.scheduler.job.GenericJob - ✅ Job 'sipcall-job-1' for app 'sipcall' produced to queue 'sipcall-queue' successfully in 1 ms
2025-11-01 21:07:34.867 [pool-1-thread-2] INFO  c.t.scheduler.InfiniteAppScheduler - Scheduled job for app 'sipcall' with ID '66990c3b-ef23-456a-b825-2333c1fb4042' to execute at 2025-11-01T21:07:49.858761744
2025-11-01 21:07:34.868 [pool-1-thread-2] INFO  c.t.s.e.MultiAppSchedulerWithUI - 📞 Scheduled SIP Call job #3 to execute at 2025-11-01 21:07:49
2025-11-01 21:07:36.869 [pool-1-thread-1] INFO  c.t.scheduler.InfiniteAppScheduler - Scheduled job for app 'sms' with ID '88245901-cf6e-431e-99ef-c6cd4e26a062' to execute at 2025-11-01T21:07:46.857391057
2025-11-01 21:07:36.869 [pool-1-thread-1] INFO  c.t.s.e.MultiAppSchedulerWithUI - 📱 Scheduled SMS job #5 to execute at 2025-11-01 21:07:46
2025-11-01 21:07:36.876 [MultiAppScheduler_Worker-9] INFO  c.t.scheduler.job.GenericJob - Executing job 'sms-job-3' for app 'sms' with entity ID: 6924af07-a581-4597-873c-6229c92338ed
2025-11-01 21:07:36.877 [MultiAppScheduler_Worker-9] INFO  c.t.s.queue.MockQueueProducer - ✅ Message sent to mock queue 'sms-notifications': 7 fields
2025-11-01 21:07:36.877 [MultiAppScheduler_Worker-9] INFO  c.t.scheduler.job.GenericJob - ✅ Job 'sms-job-3' for app 'sms' produced to queue 'sms-notifications' successfully in 1 ms
2025-11-01 21:07:36.950 [fetcher-payment_gateway] INFO  c.t.scheduler.InfiniteAppScheduler - Found 1 entities to schedule for app 'payment_gateway'
2025-11-01 21:07:36.963 [fetcher-sipcall] INFO  c.t.scheduler.InfiniteAppScheduler - Found 1 entities to schedule for app 'sipcall'
2025-11-01 21:07:36.965 [fetcher-payment_gateway] INFO  c.t.scheduler.InfiniteAppScheduler - Scheduled job 'payment-job-2' for app 'payment_gateway' to execute at 2025-11-01T21:07:52.859138
2025-11-01 21:07:36.984 [fetcher-sipcall] INFO  c.t.scheduler.InfiniteAppScheduler - Scheduled job 'sipcall-job-3' for app 'sipcall' to execute at 2025-11-01T21:07:49.858762
2025-11-01 21:07:37.009 [fetcher-sms] INFO  c.t.scheduler.InfiniteAppScheduler - Found 1 entities to schedule for app 'sms'
2025-11-01 21:07:37.024 [fetcher-sms] INFO  c.t.scheduler.InfiniteAppScheduler - Scheduled job 'sms-job-5' for app 'sms' to execute at 2025-11-01T21:07:46.857391
2025-11-01 21:07:40.881 [MultiAppScheduler_Worker-10] INFO  c.t.scheduler.job.GenericJob - Executing job 'payment-job-1' for app 'payment_gateway' with entity ID: 37d79900-3060-4f2b-a1dc-38caaecefc04
2025-11-01 21:07:40.882 [MultiAppScheduler_Worker-10] INFO  c.t.s.queue.MockQueueProducer - ✅ Message sent to mock queue 'payment-transactions': 7 fields
2025-11-01 21:07:40.882 [MultiAppScheduler_Worker-10] INFO  c.t.scheduler.job.GenericJob - ✅ Job 'payment-job-1' for app 'payment_gateway' produced to queue 'payment-transactions' successfully in 1 ms
2025-11-01 21:07:41.870 [pool-1-thread-1] INFO  c.t.scheduler.InfiniteAppScheduler - Scheduled job for app 'sms' with ID '0c2d7847-ba9d-4376-bea4-a31521bc1c53' to execute at 2025-11-01T21:07:51.857462496
2025-11-01 21:07:41.871 [pool-1-thread-1] INFO  c.t.s.e.MultiAppSchedulerWithUI - 📱 Scheduled SMS job #6 to execute at 2025-11-01 21:07:51
2025-11-01 21:07:41.879 [MultiAppScheduler_Worker-11] INFO  c.t.scheduler.job.GenericJob - Executing job 'sms-job-4' for app 'sms' with entity ID: e3c9c782-e78c-48ce-8604-153175952801
2025-11-01 21:07:41.881 [MultiAppScheduler_Worker-11] INFO  c.t.s.queue.MockQueueProducer - ✅ Message sent to mock queue 'sms-notifications': 7 fields
2025-11-01 21:07:41.881 [MultiAppScheduler_Worker-11] INFO  c.t.scheduler.job.GenericJob - ✅ Job 'sms-job-4' for app 'sms' produced to queue 'sms-notifications' successfully in 1 ms
2025-11-01 21:07:41.903 [MultiAppScheduler_Worker-12] INFO  c.t.scheduler.job.GenericJob - Executing job 'sipcall-job-2' for app 'sipcall' with entity ID: 4c570d2c-bb54-488b-b4f1-d4b73317aefb
2025-11-01 21:07:41.904 [MultiAppScheduler_Worker-12] INFO  c.t.s.queue.MockQueueProducer - ✅ Message sent to mock queue 'sipcall-queue': 7 fields
2025-11-01 21:07:41.905 [MultiAppScheduler_Worker-12] INFO  c.t.scheduler.job.GenericJob - ✅ Job 'sipcall-job-2' for app 'sipcall' produced to queue 'sipcall-queue' successfully in 2 ms
2025-11-01 21:07:42.031 [fetcher-sms] INFO  c.t.scheduler.InfiniteAppScheduler - Found 1 entities to schedule for app 'sms'
2025-11-01 21:07:42.063 [fetcher-sms] INFO  c.t.scheduler.InfiniteAppScheduler - Scheduled job 'sms-job-6' for app 'sms' to execute at 2025-11-01T21:07:51.857462
2025-11-01 21:07:42.872 [pool-1-thread-3] INFO  c.t.scheduler.InfiniteAppScheduler - Scheduled job for app 'sipcall' with ID 'f1809a3b-2038-4dd2-be4c-4997bb9ae51e' to execute at 2025-11-01T21:07:57.858792843
2025-11-01 21:07:42.872 [pool-1-thread-3] INFO  c.t.s.e.MultiAppSchedulerWithUI - 📞 Scheduled SIP Call job #4 to execute at 2025-11-01 21:07:57
2025-11-01 21:07:44.863 [pool-1-thread-2] INFO  c.t.scheduler.InfiniteAppScheduler - Scheduled job for app 'payment_gateway' with ID '1dbc9c0f-f1b5-4953-be24-9221cd3cca31' to execute at 2025-11-01T21:08:04.859071624
2025-11-01 21:07:44.864 [pool-1-thread-2] INFO  c.t.s.e.MultiAppSchedulerWithUI - 💳 Scheduled Payment job #3 to execute at 2025-11-01 21:08:04
2025-11-01 21:07:46.866 [pool-1-thread-1] INFO  c.t.scheduler.InfiniteAppScheduler - Scheduled job for app 'sms' with ID '34ea0c92-f3c9-499a-b4eb-2aa9e908f95b' to execute at 2025-11-01T21:07:56.858183438
2025-11-01 21:07:46.866 [pool-1-thread-1] INFO  c.t.s.e.MultiAppSchedulerWithUI - 📱 Scheduled SMS job #7 to execute at 2025-11-01 21:07:56
2025-11-01 21:07:46.881 [MultiAppScheduler_Worker-13] INFO  c.t.scheduler.job.GenericJob - Executing job 'sms-job-5' for app 'sms' with entity ID: 88245901-cf6e-431e-99ef-c6cd4e26a062
2025-11-01 21:07:46.882 [MultiAppScheduler_Worker-13] INFO  c.t.s.queue.MockQueueProducer - ✅ Message sent to mock queue 'sms-notifications': 7 fields
2025-11-01 21:07:46.882 [MultiAppScheduler_Worker-13] INFO  c.t.scheduler.job.GenericJob - ✅ Job 'sms-job-5' for app 'sms' produced to queue 'sms-notifications' successfully in 0 ms
2025-11-01 21:07:46.973 [fetcher-payment_gateway] INFO  c.t.scheduler.InfiniteAppScheduler - Found 1 entities to schedule for app 'payment_gateway'
2025-11-01 21:07:46.990 [fetcher-payment_gateway] INFO  c.t.scheduler.InfiniteAppScheduler - Scheduled job 'payment-job-3' for app 'payment_gateway' to execute at 2025-11-01T21:08:04.859072
2025-11-01 21:07:46.992 [fetcher-sipcall] INFO  c.t.scheduler.InfiniteAppScheduler - Found 1 entities to schedule for app 'sipcall'
2025-11-01 21:07:47.007 [fetcher-sipcall] INFO  c.t.scheduler.InfiniteAppScheduler - Scheduled job 'sipcall-job-4' for app 'sipcall' to execute at 2025-11-01T21:07:57.858793
2025-11-01 21:07:47.067 [fetcher-sms] INFO  c.t.scheduler.InfiniteAppScheduler - Found 1 entities to schedule for app 'sms'
2025-11-01 21:07:47.092 [fetcher-sms] INFO  c.t.scheduler.InfiniteAppScheduler - Scheduled job 'sms-job-7' for app 'sms' to execute at 2025-11-01T21:07:56.858183
2025-11-01 21:07:49.877 [MultiAppScheduler_Worker-14] INFO  c.t.scheduler.job.GenericJob - Executing job 'sipcall-job-3' for app 'sipcall' with entity ID: 66990c3b-ef23-456a-b825-2333c1fb4042
2025-11-01 21:07:49.878 [MultiAppScheduler_Worker-14] INFO  c.t.s.queue.MockQueueProducer - ✅ Message sent to mock queue 'sipcall-queue': 7 fields
2025-11-01 21:07:49.878 [MultiAppScheduler_Worker-14] INFO  c.t.scheduler.job.GenericJob - ✅ Job 'sipcall-job-3' for app 'sipcall' produced to queue 'sipcall-queue' successfully in 0 ms
2025-11-01 21:07:50.871 [pool-1-thread-3] INFO  c.t.scheduler.InfiniteAppScheduler - Scheduled job for app 'sipcall' with ID '44362164-c6d6-4256-b4bd-de03e028ded3' to execute at 2025-11-01T21:08:05.858746339
2025-11-01 21:07:50.871 [pool-1-thread-3] INFO  c.t.s.e.MultiAppSchedulerWithUI - 📞 Scheduled SIP Call job #5 to execute at 2025-11-01 21:08:05
2025-11-01 21:07:51.869 [pool-1-thread-2] INFO  c.t.scheduler.InfiniteAppScheduler - Scheduled job for app 'sms' with ID '7e2f86f5-4baa-4ab8-af9b-b28dc3ed54e4' to execute at 2025-11-01T21:08:01.857387693
2025-11-01 21:07:51.869 [pool-1-thread-2] INFO  c.t.s.e.MultiAppSchedulerWithUI - 📱 Scheduled SMS job #8 to execute at 2025-11-01 21:08:01
2025-11-01 21:07:51.876 [MultiAppScheduler_Worker-15] INFO  c.t.scheduler.job.GenericJob - Executing job 'sms-job-6' for app 'sms' with entity ID: 0c2d7847-ba9d-4376-bea4-a31521bc1c53
2025-11-01 21:07:51.877 [MultiAppScheduler_Worker-15] INFO  c.t.s.queue.MockQueueProducer - ✅ Message sent to mock queue 'sms-notifications': 7 fields
2025-11-01 21:07:51.877 [MultiAppScheduler_Worker-15] INFO  c.t.scheduler.job.GenericJob - ✅ Job 'sms-job-6' for app 'sms' produced to queue 'sms-notifications' successfully in 1 ms
2025-11-01 21:07:52.011 [fetcher-sipcall] INFO  c.t.scheduler.InfiniteAppScheduler - Found 1 entities to schedule for app 'sipcall'
2025-11-01 21:07:52.033 [fetcher-sipcall] INFO  c.t.scheduler.InfiniteAppScheduler - Scheduled job 'sipcall-job-5' for app 'sipcall' to execute at 2025-11-01T21:08:05.858746
2025-11-01 21:07:52.096 [fetcher-sms] INFO  c.t.scheduler.InfiniteAppScheduler - Found 1 entities to schedule for app 'sms'
2025-11-01 21:07:52.119 [fetcher-sms] INFO  c.t.scheduler.InfiniteAppScheduler - Scheduled job 'sms-job-8' for app 'sms' to execute at 2025-11-01T21:08:01.857388
2025-11-01 21:07:52.881 [MultiAppScheduler_Worker-16] INFO  c.t.scheduler.job.GenericJob - Executing job 'payment-job-2' for app 'payment_gateway' with entity ID: c0993b3e-13cb-46e5-8a5a-b646ae36e394
2025-11-01 21:07:52.882 [MultiAppScheduler_Worker-16] INFO  c.t.s.queue.MockQueueProducer - ✅ Message sent to mock queue 'payment-transactions': 7 fields
2025-11-01 21:07:52.882 [MultiAppScheduler_Worker-16] INFO  c.t.scheduler.job.GenericJob - ✅ Job 'payment-job-2' for app 'payment_gateway' produced to queue 'payment-transactions' successfully in 1 ms
2025-11-01 21:07:56.870 [pool-1-thread-2] INFO  c.t.scheduler.InfiniteAppScheduler - Scheduled job for app 'sms' with ID '4a0ae491-da77-45d4-8f57-847330637026' to execute at 2025-11-01T21:08:06.857441749
2025-11-01 21:07:56.871 [pool-1-thread-2] INFO  c.t.s.e.MultiAppSchedulerWithUI - 📱 Scheduled SMS job #9 to execute at 2025-11-01 21:08:06
2025-11-01 21:07:56.873 [pool-1-thread-1] INFO  c.t.scheduler.InfiniteAppScheduler - Scheduled job for app 'payment_gateway' with ID '10a6a700-1a95-4dda-9c0b-db5f8200175f' to execute at 2025-11-01T21:08:16.859070115
2025-11-01 21:07:56.874 [pool-1-thread-1] INFO  c.t.s.e.MultiAppSchedulerWithUI - 💳 Scheduled Payment job #4 to execute at 2025-11-01 21:08:16
2025-11-01 21:07:56.879 [MultiAppScheduler_Worker-17] INFO  c.t.scheduler.job.GenericJob - Executing job 'sms-job-7' for app 'sms' with entity ID: 34ea0c92-f3c9-499a-b4eb-2aa9e908f95b
2025-11-01 21:07:56.880 [MultiAppScheduler_Worker-17] INFO  c.t.s.queue.MockQueueProducer - ✅ Message sent to mock queue 'sms-notifications': 7 fields
2025-11-01 21:07:56.880 [MultiAppScheduler_Worker-17] INFO  c.t.scheduler.job.GenericJob - ✅ Job 'sms-job-7' for app 'sms' produced to queue 'sms-notifications' successfully in 1 ms
2025-11-01 21:07:56.996 [fetcher-payment_gateway] INFO  c.t.scheduler.InfiniteAppScheduler - Found 1 entities to schedule for app 'payment_gateway'
2025-11-01 21:07:57.025 [fetcher-payment_gateway] INFO  c.t.scheduler.InfiniteAppScheduler - Scheduled job 'payment-job-4' for app 'payment_gateway' to execute at 2025-11-01T21:08:16.859070
2025-11-01 21:07:57.123 [fetcher-sms] INFO  c.t.scheduler.InfiniteAppScheduler - Found 1 entities to schedule for app 'sms'
2025-11-01 21:07:57.153 [fetcher-sms] INFO  c.t.scheduler.InfiniteAppScheduler - Scheduled job 'sms-job-9' for app 'sms' to execute at 2025-11-01T21:08:06.857442
2025-11-01 21:07:57.881 [MultiAppScheduler_Worker-18] INFO  c.t.scheduler.job.GenericJob - Executing job 'sipcall-job-4' for app 'sipcall' with entity ID: f1809a3b-2038-4dd2-be4c-4997bb9ae51e
2025-11-01 21:07:57.882 [MultiAppScheduler_Worker-18] INFO  c.t.s.queue.MockQueueProducer - ✅ Message sent to mock queue 'sipcall-queue': 7 fields
2025-11-01 21:07:57.883 [MultiAppScheduler_Worker-18] INFO  c.t.scheduler.job.GenericJob - ✅ Job 'sipcall-job-4' for app 'sipcall' produced to queue 'sipcall-queue' successfully in 1 ms
2025-11-01 21:07:58.864 [pool-1-thread-3] INFO  c.t.scheduler.InfiniteAppScheduler - Scheduled job for app 'sipcall' with ID 'eb806de5-e824-4cd4-8157-6477448e59d8' to execute at 2025-11-01T21:08:13.858778084
2025-11-01 21:07:58.864 [pool-1-thread-3] INFO  c.t.s.e.MultiAppSchedulerWithUI - 📞 Scheduled SIP Call job #6 to execute at 2025-11-01 21:08:13
2025-11-01 21:08:01.868 [pool-1-thread-2] INFO  c.t.scheduler.InfiniteAppScheduler - Scheduled job for app 'sms' with ID 'f31620c9-b32b-4721-b758-e3ebd11053e6' to execute at 2025-11-01T21:08:11.857393057
2025-11-01 21:08:01.868 [pool-1-thread-2] INFO  c.t.s.e.MultiAppSchedulerWithUI - 📱 Scheduled SMS job #10 to execute at 2025-11-01 21:08:11
2025-11-01 21:08:01.875 [MultiAppScheduler_Worker-19] INFO  c.t.scheduler.job.GenericJob - Executing job 'sms-job-8' for app 'sms' with entity ID: 7e2f86f5-4baa-4ab8-af9b-b28dc3ed54e4
2025-11-01 21:08:01.875 [MultiAppScheduler_Worker-19] INFO  c.t.s.queue.MockQueueProducer - ✅ Message sent to mock queue 'sms-notifications': 7 fields
2025-11-01 21:08:01.875 [MultiAppScheduler_Worker-19] INFO  c.t.scheduler.job.GenericJob - ✅ Job 'sms-job-8' for app 'sms' produced to queue 'sms-notifications' successfully in 0 ms
2025-11-01 21:08:02.040 [fetcher-sipcall] INFO  c.t.scheduler.InfiniteAppScheduler - Found 1 entities to schedule for app 'sipcall'
2025-11-01 21:08:02.076 [fetcher-sipcall] INFO  c.t.scheduler.InfiniteAppScheduler - Scheduled job 'sipcall-job-6' for app 'sipcall' to execute at 2025-11-01T21:08:13.858778
2025-11-01 21:08:02.157 [fetcher-sms] INFO  c.t.scheduler.InfiniteAppScheduler - Found 1 entities to schedule for app 'sms'
2025-11-01 21:08:02.182 [fetcher-sms] INFO  c.t.scheduler.InfiniteAppScheduler - Scheduled job 'sms-job-10' for app 'sms' to execute at 2025-11-01T21:08:11.857393
2025-11-01 21:08:04.880 [MultiAppScheduler_Worker-20] INFO  c.t.scheduler.job.GenericJob - Executing job 'payment-job-3' for app 'payment_gateway' with entity ID: 1dbc9c0f-f1b5-4953-be24-9221cd3cca31
2025-11-01 21:08:04.881 [MultiAppScheduler_Worker-20] INFO  c.t.s.queue.MockQueueProducer - ✅ Message sent to mock queue 'payment-transactions': 7 fields
2025-11-01 21:08:04.881 [MultiAppScheduler_Worker-20] INFO  c.t.scheduler.job.GenericJob - ✅ Job 'payment-job-3' for app 'payment_gateway' produced to queue 'payment-transactions' successfully in 1 ms
2025-11-01 21:08:05.881 [MultiAppScheduler_Worker-1] INFO  c.t.scheduler.job.GenericJob - Executing job 'sipcall-job-5' for app 'sipcall' with entity ID: 44362164-c6d6-4256-b4bd-de03e028ded3
2025-11-01 21:08:05.883 [MultiAppScheduler_Worker-1] INFO  c.t.s.queue.MockQueueProducer - ✅ Message sent to mock queue 'sipcall-queue': 7 fields
2025-11-01 21:08:05.884 [MultiAppScheduler_Worker-1] INFO  c.t.scheduler.job.GenericJob - ✅ Job 'sipcall-job-5' for app 'sipcall' produced to queue 'sipcall-queue' successfully in 3 ms
2025-11-01 21:08:06.870 [pool-1-thread-2] INFO  c.t.scheduler.InfiniteAppScheduler - Scheduled job for app 'sms' with ID 'c318ca94-3b97-44be-bf72-088f2fd8a4e8' to execute at 2025-11-01T21:08:16.857486699
2025-11-01 21:08:06.870 [pool-1-thread-2] INFO  c.t.s.e.MultiAppSchedulerWithUI - 📱 Scheduled SMS job #11 to execute at 2025-11-01 21:08:16
2025-11-01 21:08:06.873 [pool-1-thread-1] INFO  c.t.scheduler.InfiniteAppScheduler - Scheduled job for app 'sipcall' with ID 'cd785c64-989e-49f5-85ac-72609feab007' to execute at 2025-11-01T21:08:21.858713797
2025-11-01 21:08:06.874 [pool-1-thread-1] INFO  c.t.s.e.MultiAppSchedulerWithUI - 📞 Scheduled SIP Call job #7 to execute at 2025-11-01 21:08:21
2025-11-01 21:08:06.878 [MultiAppScheduler_Worker-2] INFO  c.t.scheduler.job.GenericJob - Executing job 'sms-job-9' for app 'sms' with entity ID: 4a0ae491-da77-45d4-8f57-847330637026
2025-11-01 21:08:06.879 [MultiAppScheduler_Worker-2] INFO  c.t.s.queue.MockQueueProducer - ✅ Message sent to mock queue 'sms-notifications': 7 fields
2025-11-01 21:08:06.879 [MultiAppScheduler_Worker-2] INFO  c.t.scheduler.job.GenericJob - ✅ Job 'sms-job-9' for app 'sms' produced to queue 'sms-notifications' successfully in 1 ms
2025-11-01 21:08:07.079 [fetcher-sipcall] INFO  c.t.scheduler.InfiniteAppScheduler - Found 1 entities to schedule for app 'sipcall'
2025-11-01 21:08:07.107 [fetcher-sipcall] INFO  c.t.scheduler.InfiniteAppScheduler - Scheduled job 'sipcall-job-7' for app 'sipcall' to execute at 2025-11-01T21:08:21.858714
2025-11-01 21:08:07.190 [fetcher-sms] INFO  c.t.scheduler.InfiniteAppScheduler - Found 1 entities to schedule for app 'sms'
2025-11-01 21:08:07.213 [fetcher-sms] INFO  c.t.scheduler.InfiniteAppScheduler - Scheduled job 'sms-job-11' for app 'sms' to execute at 2025-11-01T21:08:16.857487
2025-11-01 21:08:08.870 [pool-1-thread-3] INFO  c.t.scheduler.InfiniteAppScheduler - Scheduled job for app 'payment_gateway' with ID '7f5d9876-7f2e-4864-bc07-fd0b5015b48d' to execute at 2025-11-01T21:08:28.859054504
2025-11-01 21:08:08.870 [pool-1-thread-3] INFO  c.t.s.e.MultiAppSchedulerWithUI - 💳 Scheduled Payment job #5 to execute at 2025-11-01 21:08:28
2025-11-01 21:08:11.862 [pool-1-thread-2] INFO  c.t.scheduler.InfiniteAppScheduler - Scheduled job for app 'sms' with ID '403dd1c5-bf69-4009-a913-2dedcba8182e' to execute at 2025-11-01T21:08:21.857460856
2025-11-01 21:08:11.862 [pool-1-thread-2] INFO  c.t.s.e.MultiAppSchedulerWithUI - 📱 Scheduled SMS job #12 to execute at 2025-11-01 21:08:21
2025-11-01 21:08:11.872 [MultiAppScheduler_Worker-3] INFO  c.t.scheduler.job.GenericJob - Executing job 'sms-job-10' for app 'sms' with entity ID: f31620c9-b32b-4721-b758-e3ebd11053e6
2025-11-01 21:08:11.873 [MultiAppScheduler_Worker-3] INFO  c.t.s.queue.MockQueueProducer - ✅ Message sent to mock queue 'sms-notifications': 7 fields
2025-11-01 21:08:11.873 [MultiAppScheduler_Worker-3] INFO  c.t.scheduler.job.GenericJob - ✅ Job 'sms-job-10' for app 'sms' produced to queue 'sms-notifications' successfully in 1 ms
2025-11-01 21:08:12.038 [fetcher-payment_gateway] INFO  c.t.scheduler.InfiniteAppScheduler - Found 1 entities to schedule for app 'payment_gateway'
2025-11-01 21:08:12.065 [fetcher-payment_gateway] INFO  c.t.scheduler.InfiniteAppScheduler - Scheduled job 'payment-job-5' for app 'payment_gateway' to execute at 2025-11-01T21:08:28.859055
2025-11-01 21:08:12.217 [fetcher-sms] INFO  c.t.scheduler.InfiniteAppScheduler - Found 1 entities to schedule for app 'sms'
2025-11-01 21:08:12.237 [fetcher-sms] INFO  c.t.scheduler.InfiniteAppScheduler - Scheduled job 'sms-job-12' for app 'sms' to execute at 2025-11-01T21:08:21.857461
2025-11-01 21:08:13.876 [MultiAppScheduler_Worker-4] INFO  c.t.scheduler.job.GenericJob - Executing job 'sipcall-job-6' for app 'sipcall' with entity ID: eb806de5-e824-4cd4-8157-6477448e59d8
2025-11-01 21:08:13.877 [MultiAppScheduler_Worker-4] INFO  c.t.s.queue.MockQueueProducer - ✅ Message sent to mock queue 'sipcall-queue': 7 fields
2025-11-01 21:08:13.879 [MultiAppScheduler_Worker-4] INFO  c.t.scheduler.job.GenericJob - ✅ Job 'sipcall-job-6' for app 'sipcall' produced to queue 'sipcall-queue' successfully in 3 ms
2025-11-01 21:08:14.892 [pool-1-thread-1] INFO  c.t.scheduler.InfiniteAppScheduler - Scheduled job for app 'sipcall' with ID 'eab3c673-119d-4fd8-8e6e-297f99b722a7' to execute at 2025-11-01T21:08:29.865980771
2025-11-01 21:08:14.892 [pool-1-thread-1] INFO  c.t.s.e.MultiAppSchedulerWithUI - 📞 Scheduled SIP Call job #8 to execute at 2025-11-01 21:08:29
2025-11-01 21:08:16.861 [pool-1-thread-3] INFO  c.t.scheduler.InfiniteAppScheduler - Scheduled job for app 'sms' with ID '52258b6b-a522-48fa-9d27-ff83986ff448' to execute at 2025-11-01T21:08:26.857339322
2025-11-01 21:08:16.861 [pool-1-thread-3] INFO  c.t.s.e.MultiAppSchedulerWithUI - 📱 Scheduled SMS job #13 to execute at 2025-11-01 21:08:26
2025-11-01 21:08:16.875 [MultiAppScheduler_Worker-5] INFO  c.t.scheduler.job.GenericJob - Executing job 'sms-job-11' for app 'sms' with entity ID: c318ca94-3b97-44be-bf72-088f2fd8a4e8
2025-11-01 21:08:16.875 [MultiAppScheduler_Worker-5] INFO  c.t.s.queue.MockQueueProducer - ✅ Message sent to mock queue 'sms-notifications': 7 fields
2025-11-01 21:08:16.875 [MultiAppScheduler_Worker-5] INFO  c.t.scheduler.job.GenericJob - ✅ Job 'sms-job-11' for app 'sms' produced to queue 'sms-notifications' successfully in 0 ms
2025-11-01 21:08:16.888 [MultiAppScheduler_Worker-6] INFO  c.t.scheduler.job.GenericJob - Executing job 'payment-job-4' for app 'payment_gateway' with entity ID: 10a6a700-1a95-4dda-9c0b-db5f8200175f
2025-11-01 21:08:16.888 [MultiAppScheduler_Worker-6] INFO  c.t.s.queue.MockQueueProducer - ✅ Message sent to mock queue 'payment-transactions': 7 fields
2025-11-01 21:08:16.889 [MultiAppScheduler_Worker-6] INFO  c.t.scheduler.job.GenericJob - ✅ Job 'payment-job-4' for app 'payment_gateway' produced to queue 'payment-transactions' successfully in 1 ms
2025-11-01 21:08:17.115 [fetcher-sipcall] INFO  c.t.scheduler.InfiniteAppScheduler - Found 1 entities to schedule for app 'sipcall'
2025-11-01 21:08:17.142 [fetcher-sipcall] INFO  c.t.scheduler.InfiniteAppScheduler - Scheduled job 'sipcall-job-8' for app 'sipcall' to execute at 2025-11-01T21:08:29.865981
2025-11-01 21:08:17.241 [fetcher-sms] INFO  c.t.scheduler.InfiniteAppScheduler - Found 1 entities to schedule for app 'sms'
2025-11-01 21:08:17.271 [fetcher-sms] INFO  c.t.scheduler.InfiniteAppScheduler - Scheduled job 'sms-job-13' for app 'sms' to execute at 2025-11-01T21:08:26.857339
2025-11-01 21:08:20.864 [pool-1-thread-2] INFO  c.t.scheduler.InfiniteAppScheduler - Scheduled job for app 'payment_gateway' with ID '0c870bd0-0a13-4aa9-9ff6-8907cabf9948' to execute at 2025-11-01T21:08:40.859126794
2025-11-01 21:08:20.865 [pool-1-thread-2] INFO  c.t.s.e.MultiAppSchedulerWithUI - 💳 Scheduled Payment job #6 to execute at 2025-11-01 21:08:40
2025-11-01 21:08:21.869 [pool-1-thread-1] INFO  c.t.scheduler.InfiniteAppScheduler - Scheduled job for app 'sms' with ID 'c27c677e-cc97-4dc6-8db6-0f8144ba194b' to execute at 2025-11-01T21:08:31.857400430
2025-11-01 21:08:21.869 [pool-1-thread-1] INFO  c.t.s.e.MultiAppSchedulerWithUI - 📱 Scheduled SMS job #14 to execute at 2025-11-01 21:08:31
2025-11-01 21:08:21.876 [MultiAppScheduler_Worker-7] INFO  c.t.scheduler.job.GenericJob - Executing job 'sms-job-12' for app 'sms' with entity ID: 403dd1c5-bf69-4009-a913-2dedcba8182e
2025-11-01 21:08:21.877 [MultiAppScheduler_Worker-7] INFO  c.t.s.queue.MockQueueProducer - ✅ Message sent to mock queue 'sms-notifications': 7 fields
2025-11-01 21:08:21.877 [MultiAppScheduler_Worker-7] INFO  c.t.scheduler.job.GenericJob - ✅ Job 'sms-job-12' for app 'sms' produced to queue 'sms-notifications' successfully in 1 ms
2025-11-01 21:08:21.891 [MultiAppScheduler_Worker-8] INFO  c.t.scheduler.job.GenericJob - Executing job 'sipcall-job-7' for app 'sipcall' with entity ID: cd785c64-989e-49f5-85ac-72609feab007
2025-11-01 21:08:21.891 [MultiAppScheduler_Worker-8] INFO  c.t.s.queue.MockQueueProducer - ✅ Message sent to mock queue 'sipcall-queue': 7 fields
2025-11-01 21:08:21.891 [MultiAppScheduler_Worker-8] INFO  c.t.scheduler.job.GenericJob - ✅ Job 'sipcall-job-7' for app 'sipcall' produced to queue 'sipcall-queue' successfully in 0 ms
2025-11-01 21:08:22.073 [fetcher-payment_gateway] INFO  c.t.scheduler.InfiniteAppScheduler - Found 1 entities to schedule for app 'payment_gateway'
2025-11-01 21:08:22.091 [fetcher-payment_gateway] INFO  c.t.scheduler.InfiniteAppScheduler - Scheduled job 'payment-job-6' for app 'payment_gateway' to execute at 2025-11-01T21:08:40.859127
2025-11-01 21:08:22.274 [fetcher-sms] INFO  c.t.scheduler.InfiniteAppScheduler - Found 1 entities to schedule for app 'sms'
2025-11-01 21:08:22.306 [fetcher-sms] INFO  c.t.scheduler.InfiniteAppScheduler - Scheduled job 'sms-job-14' for app 'sms' to execute at 2025-11-01T21:08:31.857400
2025-11-01 21:08:22.870 [pool-1-thread-3] INFO  c.t.scheduler.InfiniteAppScheduler - Scheduled job for app 'sipcall' with ID '7f532ba6-210d-4369-8b37-24fcd174ba78' to execute at 2025-11-01T21:08:37.858714419
2025-11-01 21:08:22.870 [pool-1-thread-3] INFO  c.t.s.e.MultiAppSchedulerWithUI - 📞 Scheduled SIP Call job #9 to execute at 2025-11-01 21:08:37
2025-11-01 21:08:26.870 [pool-1-thread-2] INFO  c.t.scheduler.InfiniteAppScheduler - Scheduled job for app 'sms' with ID 'f44195eb-651f-4e2d-981d-28f3fbf2cb4c' to execute at 2025-11-01T21:08:36.857481457
2025-11-01 21:08:26.870 [pool-1-thread-2] INFO  c.t.s.e.MultiAppSchedulerWithUI - 📱 Scheduled SMS job #15 to execute at 2025-11-01 21:08:36
2025-11-01 21:08:26.878 [MultiAppScheduler_Worker-9] INFO  c.t.scheduler.job.GenericJob - Executing job 'sms-job-13' for app 'sms' with entity ID: 52258b6b-a522-48fa-9d27-ff83986ff448
2025-11-01 21:08:26.879 [MultiAppScheduler_Worker-9] INFO  c.t.s.queue.MockQueueProducer - ✅ Message sent to mock queue 'sms-notifications': 7 fields
2025-11-01 21:08:26.879 [MultiAppScheduler_Worker-9] INFO  c.t.scheduler.job.GenericJob - ✅ Job 'sms-job-13' for app 'sms' produced to queue 'sms-notifications' successfully in 1 ms
2025-11-01 21:08:27.150 [fetcher-sipcall] INFO  c.t.scheduler.InfiniteAppScheduler - Found 1 entities to schedule for app 'sipcall'
2025-11-01 21:08:27.174 [fetcher-sipcall] INFO  c.t.scheduler.InfiniteAppScheduler - Scheduled job 'sipcall-job-9' for app 'sipcall' to execute at 2025-11-01T21:08:37.858714
2025-11-01 21:08:27.308 [fetcher-sms] INFO  c.t.scheduler.InfiniteAppScheduler - Found 1 entities to schedule for app 'sms'
2025-11-01 21:08:27.330 [fetcher-sms] INFO  c.t.scheduler.InfiniteAppScheduler - Scheduled job 'sms-job-15' for app 'sms' to execute at 2025-11-01T21:08:36.857481
2025-11-01 21:08:28.879 [MultiAppScheduler_Worker-10] INFO  c.t.scheduler.job.GenericJob - Executing job 'payment-job-5' for app 'payment_gateway' with entity ID: 7f5d9876-7f2e-4864-bc07-fd0b5015b48d
2025-11-01 21:08:28.879 [MultiAppScheduler_Worker-10] INFO  c.t.s.queue.MockQueueProducer - ✅ Message sent to mock queue 'payment-transactions': 7 fields
2025-11-01 21:08:28.880 [MultiAppScheduler_Worker-10] INFO  c.t.scheduler.job.GenericJob - ✅ Job 'payment-job-5' for app 'payment_gateway' produced to queue 'payment-transactions' successfully in 1 ms
2025-11-01 21:08:29.881 [MultiAppScheduler_Worker-11] INFO  c.t.scheduler.job.GenericJob - Executing job 'sipcall-job-8' for app 'sipcall' with entity ID: eab3c673-119d-4fd8-8e6e-297f99b722a7
2025-11-01 21:08:29.881 [MultiAppScheduler_Worker-11] INFO  c.t.s.queue.MockQueueProducer - ✅ Message sent to mock queue 'sipcall-queue': 7 fields
2025-11-01 21:08:29.882 [MultiAppScheduler_Worker-11] INFO  c.t.scheduler.job.GenericJob - ✅ Job 'sipcall-job-8' for app 'sipcall' produced to queue 'sipcall-queue' successfully in 1 ms
2025-11-01 21:08:30.871 [pool-1-thread-1] INFO  c.t.scheduler.InfiniteAppScheduler - Scheduled job for app 'sipcall' with ID 'e1d24119-84a7-4f59-a7c0-d8a3214c3c59' to execute at 2025-11-01T21:08:45.858721901
2025-11-01 21:08:30.871 [pool-1-thread-1] INFO  c.t.s.e.MultiAppSchedulerWithUI - 📞 Scheduled SIP Call job #10 to execute at 2025-11-01 21:08:45
2025-11-01 21:08:31.861 [pool-1-thread-3] INFO  c.t.scheduler.InfiniteAppScheduler - Scheduled job for app 'sms' with ID '7a83dfc4-0c74-4cd1-96d6-1c015446b458' to execute at 2025-11-01T21:08:41.857384270
2025-11-01 21:08:31.861 [pool-1-thread-3] INFO  c.t.s.e.MultiAppSchedulerWithUI - 📱 Scheduled SMS job #16 to execute at 2025-11-01 21:08:41
2025-11-01 21:08:31.875 [MultiAppScheduler_Worker-12] INFO  c.t.scheduler.job.GenericJob - Executing job 'sms-job-14' for app 'sms' with entity ID: c27c677e-cc97-4dc6-8db6-0f8144ba194b
2025-11-01 21:08:31.876 [MultiAppScheduler_Worker-12] INFO  c.t.s.queue.MockQueueProducer - ✅ Message sent to mock queue 'sms-notifications': 7 fields
2025-11-01 21:08:31.876 [MultiAppScheduler_Worker-12] INFO  c.t.scheduler.job.GenericJob - ✅ Job 'sms-job-14' for app 'sms' produced to queue 'sms-notifications' successfully in 1 ms
2025-11-01 21:08:32.179 [fetcher-sipcall] INFO  c.t.scheduler.InfiniteAppScheduler - Found 1 entities to schedule for app 'sipcall'
2025-11-01 21:08:32.218 [fetcher-sipcall] INFO  c.t.scheduler.InfiniteAppScheduler - Scheduled job 'sipcall-job-10' for app 'sipcall' to execute at 2025-11-01T21:08:45.858722
2025-11-01 21:08:32.333 [fetcher-sms] INFO  c.t.scheduler.InfiniteAppScheduler - Found 1 entities to schedule for app 'sms'
2025-11-01 21:08:32.368 [fetcher-sms] INFO  c.t.scheduler.InfiniteAppScheduler - Scheduled job 'sms-job-16' for app 'sms' to execute at 2025-11-01T21:08:41.857384
2025-11-01 21:08:32.871 [pool-1-thread-2] INFO  c.t.scheduler.InfiniteAppScheduler - Scheduled job for app 'payment_gateway' with ID '91d707e3-d9e7-48fc-b016-9a8552e17e8d' to execute at 2025-11-01T21:08:52.859068515
2025-11-01 21:08:32.871 [pool-1-thread-2] INFO  c.t.s.e.MultiAppSchedulerWithUI - 💳 Scheduled Payment job #7 to execute at 2025-11-01 21:08:52
2025-11-01 21:08:36.871 [pool-1-thread-1] INFO  c.t.scheduler.InfiniteAppScheduler - Scheduled job for app 'sms' with ID '25506ee5-3b5b-4deb-9db3-0bdd70b35c27' to execute at 2025-11-01T21:08:46.857448194
2025-11-01 21:08:36.871 [pool-1-thread-1] INFO  c.t.s.e.MultiAppSchedulerWithUI - 📱 Scheduled SMS job #17 to execute at 2025-11-01 21:08:46
2025-11-01 21:08:36.880 [MultiAppScheduler_Worker-13] INFO  c.t.scheduler.job.GenericJob - Executing job 'sms-job-15' for app 'sms' with entity ID: f44195eb-651f-4e2d-981d-28f3fbf2cb4c
2025-11-01 21:08:36.881 [MultiAppScheduler_Worker-13] INFO  c.t.s.queue.MockQueueProducer - ✅ Message sent to mock queue 'sms-notifications': 7 fields
2025-11-01 21:08:36.881 [MultiAppScheduler_Worker-13] INFO  c.t.scheduler.job.GenericJob - ✅ Job 'sms-job-15' for app 'sms' produced to queue 'sms-notifications' successfully in 1 ms
2025-11-01 21:08:37.102 [fetcher-payment_gateway] INFO  c.t.scheduler.InfiniteAppScheduler - Found 1 entities to schedule for app 'payment_gateway'
2025-11-01 21:08:37.128 [fetcher-payment_gateway] INFO  c.t.scheduler.InfiniteAppScheduler - Scheduled job 'payment-job-7' for app 'payment_gateway' to execute at 2025-11-01T21:08:52.859069
2025-11-01 21:08:37.372 [fetcher-sms] INFO  c.t.scheduler.InfiniteAppScheduler - Found 1 entities to schedule for app 'sms'
2025-11-01 21:08:37.400 [fetcher-sms] INFO  c.t.scheduler.InfiniteAppScheduler - Scheduled job 'sms-job-17' for app 'sms' to execute at 2025-11-01T21:08:46.857448
2025-11-01 21:08:37.875 [MultiAppScheduler_Worker-14] INFO  c.t.scheduler.job.GenericJob - Executing job 'sipcall-job-9' for app 'sipcall' with entity ID: 7f532ba6-210d-4369-8b37-24fcd174ba78
2025-11-01 21:08:37.876 [MultiAppScheduler_Worker-14] INFO  c.t.s.queue.MockQueueProducer - ✅ Message sent to mock queue 'sipcall-queue': 7 fields
2025-11-01 21:08:37.876 [MultiAppScheduler_Worker-14] INFO  c.t.scheduler.job.GenericJob - ✅ Job 'sipcall-job-9' for app 'sipcall' produced to queue 'sipcall-queue' successfully in 0 ms
2025-11-01 21:08:38.869 [pool-1-thread-3] INFO  c.t.scheduler.InfiniteAppScheduler - Scheduled job for app 'sipcall' with ID 'e34cfaec-4b30-44f8-81fd-dc3e52d2f387' to execute at 2025-11-01T21:08:53.858667875
2025-11-01 21:08:38.869 [pool-1-thread-3] INFO  c.t.s.e.MultiAppSchedulerWithUI - 📞 Scheduled SIP Call job #11 to execute at 2025-11-01 21:08:53
2025-11-01 21:08:40.875 [MultiAppScheduler_Worker-15] INFO  c.t.scheduler.job.GenericJob - Executing job 'payment-job-6' for app 'payment_gateway' with entity ID: 0c870bd0-0a13-4aa9-9ff6-8907cabf9948
2025-11-01 21:08:40.876 [MultiAppScheduler_Worker-15] INFO  c.t.s.queue.MockQueueProducer - ✅ Message sent to mock queue 'payment-transactions': 7 fields
2025-11-01 21:08:40.876 [MultiAppScheduler_Worker-15] INFO  c.t.scheduler.job.GenericJob - ✅ Job 'payment-job-6' for app 'payment_gateway' produced to queue 'payment-transactions' successfully in 1 ms
2025-11-01 21:08:41.869 [pool-1-thread-2] INFO  c.t.scheduler.InfiniteAppScheduler - Scheduled job for app 'sms' with ID 'edbb08be-c751-4b89-9acd-74f8a5124880' to execute at 2025-11-01T21:08:51.857359729
2025-11-01 21:08:41.869 [pool-1-thread-2] INFO  c.t.s.e.MultiAppSchedulerWithUI - 📱 Scheduled SMS job #18 to execute at 2025-11-01 21:08:51
2025-11-01 21:08:41.879 [MultiAppScheduler_Worker-16] INFO  c.t.scheduler.job.GenericJob - Executing job 'sms-job-16' for app 'sms' with entity ID: 7a83dfc4-0c74-4cd1-96d6-1c015446b458
2025-11-01 21:08:41.880 [MultiAppScheduler_Worker-16] INFO  c.t.s.queue.MockQueueProducer - ✅ Message sent to mock queue 'sms-notifications': 7 fields
2025-11-01 21:08:41.880 [MultiAppScheduler_Worker-16] INFO  c.t.scheduler.job.GenericJob - ✅ Job 'sms-job-16' for app 'sms' produced to queue 'sms-notifications' successfully in 0 ms
2025-11-01 21:08:42.226 [fetcher-sipcall] INFO  c.t.scheduler.InfiniteAppScheduler - Found 1 entities to schedule for app 'sipcall'
2025-11-01 21:08:42.252 [fetcher-sipcall] INFO  c.t.scheduler.InfiniteAppScheduler - Scheduled job 'sipcall-job-11' for app 'sipcall' to execute at 2025-11-01T21:08:53.858668
2025-11-01 21:08:42.404 [fetcher-sms] INFO  c.t.scheduler.InfiniteAppScheduler - Found 1 entities to schedule for app 'sms'
2025-11-01 21:08:42.433 [fetcher-sms] INFO  c.t.scheduler.InfiniteAppScheduler - Scheduled job 'sms-job-18' for app 'sms' to execute at 2025-11-01T21:08:51.857360
2025-11-01 21:08:44.863 [pool-1-thread-1] INFO  c.t.scheduler.InfiniteAppScheduler - Scheduled job for app 'payment_gateway' with ID '39a4274e-cfa4-46c9-b9c8-17bece3de78f' to execute at 2025-11-01T21:09:04.859034066
2025-11-01 21:08:44.863 [pool-1-thread-1] INFO  c.t.s.e.MultiAppSchedulerWithUI - 💳 Scheduled Payment job #8 to execute at 2025-11-01 21:09:04
2025-11-01 21:08:45.876 [MultiAppScheduler_Worker-17] INFO  c.t.scheduler.job.GenericJob - Executing job 'sipcall-job-10' for app 'sipcall' with entity ID: e1d24119-84a7-4f59-a7c0-d8a3214c3c59
2025-11-01 21:08:45.877 [MultiAppScheduler_Worker-17] INFO  c.t.s.queue.MockQueueProducer - ✅ Message sent to mock queue 'sipcall-queue': 7 fields
2025-11-01 21:08:45.877 [MultiAppScheduler_Worker-17] INFO  c.t.scheduler.job.GenericJob - ✅ Job 'sipcall-job-10' for app 'sipcall' produced to queue 'sipcall-queue' successfully in 1 ms
2025-11-01 21:08:46.869 [pool-1-thread-3] INFO  c.t.scheduler.InfiniteAppScheduler - Scheduled job for app 'sms' with ID '8bdcb574-e9d5-40c9-b3e8-bda1e9f8afc4' to execute at 2025-11-01T21:08:56.857411566
2025-11-01 21:08:46.870 [pool-1-thread-3] INFO  c.t.s.e.MultiAppSchedulerWithUI - 📱 Scheduled SMS job #19 to execute at 2025-11-01 21:08:56
2025-11-01 21:08:46.872 [pool-1-thread-2] INFO  c.t.scheduler.InfiniteAppScheduler - Scheduled job for app 'sipcall' with ID '09c496ac-f01f-484d-ab41-896d2ba13859' to execute at 2025-11-01T21:09:01.858679383
2025-11-01 21:08:46.872 [pool-1-thread-2] INFO  c.t.s.e.MultiAppSchedulerWithUI - 📞 Scheduled SIP Call job #12 to execute at 2025-11-01 21:09:01
2025-11-01 21:08:46.877 [MultiAppScheduler_Worker-18] INFO  c.t.scheduler.job.GenericJob - Executing job 'sms-job-17' for app 'sms' with entity ID: 25506ee5-3b5b-4deb-9db3-0bdd70b35c27
2025-11-01 21:08:46.877 [MultiAppScheduler_Worker-18] INFO  c.t.s.queue.MockQueueProducer - ✅ Message sent to mock queue 'sms-notifications': 7 fields
2025-11-01 21:08:46.877 [MultiAppScheduler_Worker-18] INFO  c.t.scheduler.job.GenericJob - ✅ Job 'sms-job-17' for app 'sms' produced to queue 'sms-notifications' successfully in 0 ms
2025-11-01 21:08:47.134 [fetcher-payment_gateway] INFO  c.t.scheduler.InfiniteAppScheduler - Found 1 entities to schedule for app 'payment_gateway'
2025-11-01 21:08:47.178 [fetcher-payment_gateway] INFO  c.t.scheduler.InfiniteAppScheduler - Scheduled job 'payment-job-8' for app 'payment_gateway' to execute at 2025-11-01T21:09:04.859034
2025-11-01 21:08:47.255 [fetcher-sipcall] INFO  c.t.scheduler.InfiniteAppScheduler - Found 1 entities to schedule for app 'sipcall'
2025-11-01 21:08:47.275 [fetcher-sipcall] INFO  c.t.scheduler.InfiniteAppScheduler - Scheduled job 'sipcall-job-12' for app 'sipcall' to execute at 2025-11-01T21:09:01.858679
2025-11-01 21:08:47.437 [fetcher-sms] INFO  c.t.scheduler.InfiniteAppScheduler - Found 1 entities to schedule for app 'sms'
2025-11-01 21:08:47.467 [fetcher-sms] INFO  c.t.scheduler.InfiniteAppScheduler - Scheduled job 'sms-job-19' for app 'sms' to execute at 2025-11-01T21:08:56.857412
2025-11-01 21:08:51.870 [pool-1-thread-3] INFO  c.t.scheduler.InfiniteAppScheduler - Scheduled job for app 'sms' with ID 'cc4ff2c6-e490-4152-ada5-2d79c6c9b9de' to execute at 2025-11-01T21:09:01.857423802
2025-11-01 21:08:51.870 [pool-1-thread-3] INFO  c.t.s.e.MultiAppSchedulerWithUI - 📱 Scheduled SMS job #20 to execute at 2025-11-01 21:09:01
2025-11-01 21:08:51.880 [MultiAppScheduler_Worker-19] INFO  c.t.scheduler.job.GenericJob - Executing job 'sms-job-18' for app 'sms' with entity ID: edbb08be-c751-4b89-9acd-74f8a5124880
2025-11-01 21:08:51.881 [MultiAppScheduler_Worker-19] INFO  c.t.s.queue.MockQueueProducer - ✅ Message sent to mock queue 'sms-notifications': 7 fields
2025-11-01 21:08:51.881 [MultiAppScheduler_Worker-19] INFO  c.t.scheduler.job.GenericJob - ✅ Job 'sms-job-18' for app 'sms' produced to queue 'sms-notifications' successfully in 1 ms
2025-11-01 21:08:52.471 [fetcher-sms] INFO  c.t.scheduler.InfiniteAppScheduler - Found 1 entities to schedule for app 'sms'
2025-11-01 21:08:52.501 [fetcher-sms] INFO  c.t.scheduler.InfiniteAppScheduler - Scheduled job 'sms-job-20' for app 'sms' to execute at 2025-11-01T21:09:01.857424
2025-11-01 21:08:52.883 [MultiAppScheduler_Worker-20] INFO  c.t.scheduler.job.GenericJob - Executing job 'payment-job-7' for app 'payment_gateway' with entity ID: 91d707e3-d9e7-48fc-b016-9a8552e17e8d
2025-11-01 21:08:52.884 [MultiAppScheduler_Worker-20] INFO  c.t.s.queue.MockQueueProducer - ✅ Message sent to mock queue 'payment-transactions': 7 fields
2025-11-01 21:08:52.884 [MultiAppScheduler_Worker-20] INFO  c.t.scheduler.job.GenericJob - ✅ Job 'payment-job-7' for app 'payment_gateway' produced to queue 'payment-transactions' successfully in 0 ms
2025-11-01 21:08:53.879 [MultiAppScheduler_Worker-1] INFO  c.t.scheduler.job.GenericJob - Executing job 'sipcall-job-11' for app 'sipcall' with entity ID: e34cfaec-4b30-44f8-81fd-dc3e52d2f387
2025-11-01 21:08:53.879 [MultiAppScheduler_Worker-1] INFO  c.t.s.queue.MockQueueProducer - ✅ Message sent to mock queue 'sipcall-queue': 7 fields
2025-11-01 21:08:53.879 [MultiAppScheduler_Worker-1] INFO  c.t.scheduler.job.GenericJob - ✅ Job 'sipcall-job-11' for app 'sipcall' produced to queue 'sipcall-queue' successfully in 0 ms
2025-11-01 21:08:54.871 [pool-1-thread-1] INFO  c.t.scheduler.InfiniteAppScheduler - Scheduled job for app 'sipcall' with ID '881a01f5-b7a5-41b5-912c-6a3f466a440a' to execute at 2025-11-01T21:09:09.858823716
2025-11-01 21:08:54.872 [pool-1-thread-1] INFO  c.t.s.e.MultiAppSchedulerWithUI - 📞 Scheduled SIP Call job #13 to execute at 2025-11-01 21:09:09
2025-11-01 21:08:56.614 [Thread-6] INFO  c.t.s.e.MultiAppSchedulerWithUI - Shutting down...
2025-11-01 21:08:56.614 [fetcher-payment_gateway] INFO  c.t.scheduler.InfiniteAppScheduler - Fetcher thread interrupted for app 'payment_gateway'
2025-11-01 21:08:56.615 [fetcher-payment_gateway] INFO  c.t.scheduler.InfiniteAppScheduler - Fetcher thread stopped for app 'payment_gateway'
2025-11-01 21:08:56.615 [Thread-6] INFO  c.t.scheduler.InfiniteAppScheduler - Stopped scheduler for app 'payment_gateway'
2025-11-01 21:08:56.615 [fetcher-sms] INFO  c.t.scheduler.InfiniteAppScheduler - Fetcher thread interrupted for app 'sms'
2025-11-01 21:08:56.615 [fetcher-sms] INFO  c.t.scheduler.InfiniteAppScheduler - Fetcher thread stopped for app 'sms'
2025-11-01 21:08:56.615 [Thread-6] INFO  c.t.scheduler.InfiniteAppScheduler - Stopped scheduler for app 'sms'
2025-11-01 21:08:56.615 [fetcher-sipcall] INFO  c.t.scheduler.InfiniteAppScheduler - Fetcher thread interrupted for app 'sipcall'
2025-11-01 21:08:56.615 [fetcher-sipcall] INFO  c.t.scheduler.InfiniteAppScheduler - Fetcher thread stopped for app 'sipcall'
2025-11-01 21:08:56.615 [Thread-6] INFO  c.t.scheduler.InfiniteAppScheduler - Stopped scheduler for app 'sipcall'
2025-11-01 21:08:56.615 [Thread-6] INFO  c.t.scheduler.QuartzCleanupService - Stopping Quartz cleanup service...
2025-11-01 21:08:56.615 [Thread-6] INFO  c.t.scheduler.QuartzCleanupService - Quartz cleanup service stopped
2025-11-01 21:08:56.615 [quartz-cleanup] INFO  c.t.scheduler.QuartzCleanupService - Cleanup thread interrupted
2025-11-01 21:08:56.615 [quartz-cleanup] INFO  c.t.scheduler.QuartzCleanupService - Quartz cleanup thread stopped
2025-11-01 21:08:56.921 [Thread-6] INFO  c.t.s.MultiAppSchedulerManager - Stopped shared Quartz scheduler
2025-11-01 21:08:56.921 [Thread-6] INFO  c.t.s.MultiAppSchedulerManager - Stopped all schedulers
2025-11-01 21:08:56.921 [Thread-6] INFO  io.javalin.Javalin - Stopping Javalin ...
2025-11-01 21:08:56.922 [Thread-6] INFO  org.eclipse.jetty.server.Server - Stopped Server@16a9a4f1{STOPPING}[11.0.17,sto=0]
2025-11-01 21:08:56.925 [Thread-6] INFO  o.e.jetty.server.AbstractConnector - Stopped ServerConnector@8c46918{HTTP/1.1, (http/1.1)}{0.0.0.0:7072}
2025-11-01 21:08:56.927 [Thread-6] INFO  o.e.j.server.handler.ContextHandler - Stopped i.j.j.@5b4d25e7{/,null,STOPPED}
2025-11-01 21:08:56.928 [Thread-6] INFO  io.javalin.Javalin - Javalin has stopped
2025-11-01 21:08:56.928 [Thread-6] INFO  c.t.scheduler.web.JobStatusApi - Job Status API stopped
2025-11-01 21:08:56.928 [Thread-6] INFO  c.t.s.e.MultiAppSchedulerWithUI - Shutdown complete
